Calling target program-options parser
[21:03:44.841] [bmv2] [D] [thread 9261] Set default default entry for table 'MyIngress.ipv4_lpm': MyIngress.drop - 
Adding interface s2-eth1 as port 1
[21:03:44.842] [bmv2] [D] [thread 9261] Adding interface s2-eth1 as port 1
Adding interface s2-eth2 as port 2
[21:03:44.872] [bmv2] [D] [thread 9261] Adding interface s2-eth2 as port 2
Adding interface s2-eth3 as port 3
[21:03:44.904] [bmv2] [D] [thread 9261] Adding interface s2-eth3 as port 3
Adding interface s2-eth4 as port 4
[21:03:44.935] [bmv2] [D] [thread 9261] Adding interface s2-eth4 as port 4
Server listening on 0.0.0.0:50052
[21:03:44.968] [bmv2] [I] [thread 9261] Starting Thrift server on port 9091
[21:03:44.969] [bmv2] [I] [thread 9261] Thrift server was started
[21:03:44.969] [bmv2] [D] [thread 9272] [0.0] [cxt 0] Processing packet received on port 2
[21:03:44.969] [bmv2] [D] [thread 9272] [0.0] [cxt 0] Parser 'parser': start
[21:03:44.969] [bmv2] [D] [thread 9272] [0.0] [cxt 0] Parser 'parser' entering state 'start'
[21:03:44.969] [bmv2] [D] [thread 9272] [0.0] [cxt 0] Extracting header 'ethernet'
[21:03:44.969] [bmv2] [D] [thread 9272] [0.0] [cxt 0] Parser state 'start': key is 86dd
[21:03:44.969] [bmv2] [T] [thread 9272] [0.0] [cxt 0] Bytes parsed: 14
[21:03:44.969] [bmv2] [D] [thread 9272] [0.0] [cxt 0] Parser 'parser': end
[21:03:44.969] [bmv2] [D] [thread 9272] [0.0] [cxt 0] Pipeline 'ingress': start
[21:03:44.969] [bmv2] [T] [thread 9272] [0.0] [cxt 0] basic.p4(114) Condition "hdr.ipv4.isValid()" (node_2) is false
[21:03:44.969] [bmv2] [D] [thread 9272] [0.0] [cxt 0] Pipeline 'ingress': end
[21:03:44.969] [bmv2] [D] [thread 9272] [0.0] [cxt 0] Egress port is 0
[21:03:44.969] [bmv2] [D] [thread 9273] [0.0] [cxt 0] Pipeline 'egress': start
[21:03:44.969] [bmv2] [D] [thread 9273] [0.0] [cxt 0] Pipeline 'egress': end
[21:03:44.969] [bmv2] [D] [thread 9273] [0.0] [cxt 0] Deparser 'deparser': start
[21:03:44.969] [bmv2] [T] [thread 9273] [0.0] [cxt 0] Skipping checksum 'cksum' update because condition not met
[21:03:44.969] [bmv2] [D] [thread 9273] [0.0] [cxt 0] Deparsing header 'ethernet'
[21:03:44.969] [bmv2] [D] [thread 9273] [0.0] [cxt 0] Deparser 'deparser': end
[21:03:44.970] [bmv2] [D] [thread 9277] [0.0] [cxt 0] Transmitting packet of size 90 out of port 0
[21:03:45.225] [bmv2] [D] [thread 9272] [1.0] [cxt 0] Processing packet received on port 4
[21:03:45.225] [bmv2] [D] [thread 9272] [1.0] [cxt 0] Parser 'parser': start
[21:03:45.225] [bmv2] [D] [thread 9272] [1.0] [cxt 0] Parser 'parser' entering state 'start'
[21:03:45.225] [bmv2] [D] [thread 9272] [1.0] [cxt 0] Extracting header 'ethernet'
[21:03:45.225] [bmv2] [D] [thread 9272] [1.0] [cxt 0] Parser state 'start': key is 86dd
[21:03:45.225] [bmv2] [T] [thread 9272] [1.0] [cxt 0] Bytes parsed: 14
[21:03:45.225] [bmv2] [D] [thread 9272] [1.0] [cxt 0] Parser 'parser': end
[21:03:45.225] [bmv2] [D] [thread 9272] [1.0] [cxt 0] Pipeline 'ingress': start
[21:03:45.225] [bmv2] [T] [thread 9272] [1.0] [cxt 0] basic.p4(114) Condition "hdr.ipv4.isValid()" (node_2) is false
[21:03:45.225] [bmv2] [D] [thread 9272] [1.0] [cxt 0] Pipeline 'ingress': end
[21:03:45.225] [bmv2] [D] [thread 9272] [1.0] [cxt 0] Egress port is 0
[21:03:45.225] [bmv2] [D] [thread 9272] [2.0] [cxt 0] Processing packet received on port 4
[21:03:45.225] [bmv2] [D] [thread 9272] [2.0] [cxt 0] Parser 'parser': start
[21:03:45.225] [bmv2] [D] [thread 9272] [2.0] [cxt 0] Parser 'parser' entering state 'start'
[21:03:45.225] [bmv2] [D] [thread 9272] [2.0] [cxt 0] Extracting header 'ethernet'
[21:03:45.225] [bmv2] [D] [thread 9272] [2.0] [cxt 0] Parser state 'start': key is 86dd
[21:03:45.225] [bmv2] [T] [thread 9272] [2.0] [cxt 0] Bytes parsed: 14
[21:03:45.225] [bmv2] [D] [thread 9272] [2.0] [cxt 0] Parser 'parser': end
[21:03:45.225] [bmv2] [D] [thread 9272] [2.0] [cxt 0] Pipeline 'ingress': start
[21:03:45.225] [bmv2] [T] [thread 9272] [2.0] [cxt 0] basic.p4(114) Condition "hdr.ipv4.isValid()" (node_2) is false
[21:03:45.225] [bmv2] [D] [thread 9272] [2.0] [cxt 0] Pipeline 'ingress': end
[21:03:45.225] [bmv2] [D] [thread 9272] [2.0] [cxt 0] Egress port is 0
[21:03:45.225] [bmv2] [D] [thread 9273] [1.0] [cxt 0] Pipeline 'egress': start
[21:03:45.225] [bmv2] [D] [thread 9273] [1.0] [cxt 0] Pipeline 'egress': end
[21:03:45.225] [bmv2] [D] [thread 9273] [1.0] [cxt 0] Deparser 'deparser': start
[21:03:45.225] [bmv2] [T] [thread 9273] [1.0] [cxt 0] Skipping checksum 'cksum' update because condition not met
[21:03:45.225] [bmv2] [D] [thread 9273] [1.0] [cxt 0] Deparsing header 'ethernet'
[21:03:45.225] [bmv2] [D] [thread 9273] [1.0] [cxt 0] Deparser 'deparser': end
[21:03:45.225] [bmv2] [D] [thread 9273] [2.0] [cxt 0] Pipeline 'egress': start
[21:03:45.225] [bmv2] [D] [thread 9273] [2.0] [cxt 0] Pipeline 'egress': end
[21:03:45.225] [bmv2] [D] [thread 9273] [2.0] [cxt 0] Deparser 'deparser': start
[21:03:45.225] [bmv2] [T] [thread 9273] [2.0] [cxt 0] Skipping checksum 'cksum' update because condition not met
[21:03:45.225] [bmv2] [D] [thread 9273] [2.0] [cxt 0] Deparsing header 'ethernet'
[21:03:45.225] [bmv2] [D] [thread 9273] [2.0] [cxt 0] Deparser 'deparser': end
[21:03:45.226] [bmv2] [D] [thread 9277] [1.0] [cxt 0] Transmitting packet of size 90 out of port 0
[21:03:45.226] [bmv2] [D] [thread 9277] [2.0] [cxt 0] Transmitting packet of size 70 out of port 0
[21:03:45.258] [bmv2] [D] [thread 9272] [3.0] [cxt 0] Processing packet received on port 3
[21:03:45.258] [bmv2] [D] [thread 9272] [3.0] [cxt 0] Parser 'parser': start
[21:03:45.258] [bmv2] [D] [thread 9272] [3.0] [cxt 0] Parser 'parser' entering state 'start'
[21:03:45.258] [bmv2] [D] [thread 9272] [3.0] [cxt 0] Extracting header 'ethernet'
[21:03:45.258] [bmv2] [D] [thread 9272] [3.0] [cxt 0] Parser state 'start': key is 86dd
[21:03:45.258] [bmv2] [T] [thread 9272] [3.0] [cxt 0] Bytes parsed: 14
[21:03:45.258] [bmv2] [D] [thread 9272] [3.0] [cxt 0] Parser 'parser': end
[21:03:45.258] [bmv2] [D] [thread 9272] [3.0] [cxt 0] Pipeline 'ingress': start
[21:03:45.258] [bmv2] [T] [thread 9272] [3.0] [cxt 0] basic.p4(114) Condition "hdr.ipv4.isValid()" (node_2) is false
[21:03:45.258] [bmv2] [D] [thread 9272] [3.0] [cxt 0] Pipeline 'ingress': end
[21:03:45.258] [bmv2] [D] [thread 9272] [3.0] [cxt 0] Egress port is 0
[21:03:45.258] [bmv2] [D] [thread 9272] [4.0] [cxt 0] Processing packet received on port 3
[21:03:45.258] [bmv2] [D] [thread 9272] [4.0] [cxt 0] Parser 'parser': start
[21:03:45.258] [bmv2] [D] [thread 9272] [4.0] [cxt 0] Parser 'parser' entering state 'start'
[21:03:45.258] [bmv2] [D] [thread 9272] [4.0] [cxt 0] Extracting header 'ethernet'
[21:03:45.258] [bmv2] [D] [thread 9272] [4.0] [cxt 0] Parser state 'start': key is 86dd
[21:03:45.258] [bmv2] [T] [thread 9272] [4.0] [cxt 0] Bytes parsed: 14
[21:03:45.258] [bmv2] [D] [thread 9272] [4.0] [cxt 0] Parser 'parser': end
[21:03:45.258] [bmv2] [D] [thread 9272] [4.0] [cxt 0] Pipeline 'ingress': start
[21:03:45.258] [bmv2] [T] [thread 9272] [4.0] [cxt 0] basic.p4(114) Condition "hdr.ipv4.isValid()" (node_2) is false
[21:03:45.258] [bmv2] [D] [thread 9272] [4.0] [cxt 0] Pipeline 'ingress': end
[21:03:45.258] [bmv2] [D] [thread 9272] [4.0] [cxt 0] Egress port is 0
[21:03:45.258] [bmv2] [D] [thread 9273] [3.0] [cxt 0] Pipeline 'egress': start
[21:03:45.258] [bmv2] [D] [thread 9273] [3.0] [cxt 0] Pipeline 'egress': end
[21:03:45.258] [bmv2] [D] [thread 9273] [3.0] [cxt 0] Deparser 'deparser': start
[21:03:45.258] [bmv2] [T] [thread 9273] [3.0] [cxt 0] Skipping checksum 'cksum' update because condition not met
[21:03:45.258] [bmv2] [D] [thread 9273] [3.0] [cxt 0] Deparsing header 'ethernet'
[21:03:45.258] [bmv2] [D] [thread 9273] [3.0] [cxt 0] Deparser 'deparser': end
[21:03:45.258] [bmv2] [D] [thread 9273] [4.0] [cxt 0] Pipeline 'egress': start
[21:03:45.258] [bmv2] [D] [thread 9273] [4.0] [cxt 0] Pipeline 'egress': end
[21:03:45.258] [bmv2] [D] [thread 9273] [4.0] [cxt 0] Deparser 'deparser': start
[21:03:45.258] [bmv2] [T] [thread 9273] [4.0] [cxt 0] Skipping checksum 'cksum' update because condition not met
[21:03:45.258] [bmv2] [D] [thread 9273] [4.0] [cxt 0] Deparsing header 'ethernet'
[21:03:45.258] [bmv2] [D] [thread 9273] [4.0] [cxt 0] Deparser 'deparser': end
[21:03:45.258] [bmv2] [D] [thread 9277] [3.0] [cxt 0] Transmitting packet of size 90 out of port 0
[21:03:45.258] [bmv2] [D] [thread 9277] [4.0] [cxt 0] Transmitting packet of size 70 out of port 0
[21:03:45.560] [bmv2] [D] [thread 9272] [5.0] [cxt 0] Processing packet received on port 2
[21:03:45.560] [bmv2] [D] [thread 9272] [5.0] [cxt 0] Parser 'parser': start
[21:03:45.560] [bmv2] [D] [thread 9272] [5.0] [cxt 0] Parser 'parser' entering state 'start'
[21:03:45.560] [bmv2] [D] [thread 9272] [5.0] [cxt 0] Extracting header 'ethernet'
[21:03:45.560] [bmv2] [D] [thread 9272] [5.0] [cxt 0] Parser state 'start': key is 86dd
[21:03:45.560] [bmv2] [T] [thread 9272] [5.0] [cxt 0] Bytes parsed: 14
[21:03:45.560] [bmv2] [D] [thread 9272] [5.0] [cxt 0] Parser 'parser': end
[21:03:45.560] [bmv2] [D] [thread 9272] [5.0] [cxt 0] Pipeline 'ingress': start
[21:03:45.560] [bmv2] [T] [thread 9272] [5.0] [cxt 0] basic.p4(114) Condition "hdr.ipv4.isValid()" (node_2) is false
[21:03:45.560] [bmv2] [D] [thread 9272] [5.0] [cxt 0] Pipeline 'ingress': end
[21:03:45.560] [bmv2] [D] [thread 9272] [5.0] [cxt 0] Egress port is 0
[21:03:45.560] [bmv2] [D] [thread 9272] [6.0] [cxt 0] Processing packet received on port 2
[21:03:45.560] [bmv2] [D] [thread 9272] [6.0] [cxt 0] Parser 'parser': start
[21:03:45.560] [bmv2] [D] [thread 9272] [6.0] [cxt 0] Parser 'parser' entering state 'start'
[21:03:45.560] [bmv2] [D] [thread 9272] [6.0] [cxt 0] Extracting header 'ethernet'
[21:03:45.560] [bmv2] [D] [thread 9272] [6.0] [cxt 0] Parser state 'start': key is 86dd
[21:03:45.560] [bmv2] [T] [thread 9272] [6.0] [cxt 0] Bytes parsed: 14
[21:03:45.560] [bmv2] [D] [thread 9272] [6.0] [cxt 0] Parser 'parser': end
[21:03:45.560] [bmv2] [D] [thread 9272] [6.0] [cxt 0] Pipeline 'ingress': start
[21:03:45.560] [bmv2] [T] [thread 9272] [6.0] [cxt 0] basic.p4(114) Condition "hdr.ipv4.isValid()" (node_2) is false
[21:03:45.560] [bmv2] [D] [thread 9272] [6.0] [cxt 0] Pipeline 'ingress': end
[21:03:45.560] [bmv2] [D] [thread 9272] [6.0] [cxt 0] Egress port is 0
[21:03:45.561] [bmv2] [D] [thread 9273] [5.0] [cxt 0] Pipeline 'egress': start
[21:03:45.561] [bmv2] [D] [thread 9273] [5.0] [cxt 0] Pipeline 'egress': end
[21:03:45.561] [bmv2] [D] [thread 9273] [5.0] [cxt 0] Deparser 'deparser': start
[21:03:45.561] [bmv2] [T] [thread 9273] [5.0] [cxt 0] Skipping checksum 'cksum' update because condition not met
[21:03:45.561] [bmv2] [D] [thread 9273] [5.0] [cxt 0] Deparsing header 'ethernet'
[21:03:45.561] [bmv2] [D] [thread 9273] [5.0] [cxt 0] Deparser 'deparser': end
[21:03:45.561] [bmv2] [D] [thread 9273] [6.0] [cxt 0] Pipeline 'egress': start
[21:03:45.561] [bmv2] [D] [thread 9273] [6.0] [cxt 0] Pipeline 'egress': end
[21:03:45.561] [bmv2] [D] [thread 9273] [6.0] [cxt 0] Deparser 'deparser': start
[21:03:45.561] [bmv2] [T] [thread 9273] [6.0] [cxt 0] Skipping checksum 'cksum' update because condition not met
[21:03:45.561] [bmv2] [D] [thread 9273] [6.0] [cxt 0] Deparsing header 'ethernet'
[21:03:45.561] [bmv2] [D] [thread 9273] [6.0] [cxt 0] Deparser 'deparser': end
[21:03:45.561] [bmv2] [D] [thread 9277] [5.0] [cxt 0] Transmitting packet of size 90 out of port 0
[21:03:45.561] [bmv2] [D] [thread 9277] [6.0] [cxt 0] Transmitting packet of size 70 out of port 0
[21:03:45.581] [bmv2] [D] [thread 9272] [7.0] [cxt 0] Processing packet received on port 3
[21:03:45.581] [bmv2] [D] [thread 9272] [7.0] [cxt 0] Parser 'parser': start
[21:03:45.581] [bmv2] [D] [thread 9272] [7.0] [cxt 0] Parser 'parser' entering state 'start'
[21:03:45.581] [bmv2] [D] [thread 9272] [7.0] [cxt 0] Extracting header 'ethernet'
[21:03:45.581] [bmv2] [D] [thread 9272] [7.0] [cxt 0] Parser state 'start': key is 86dd
[21:03:45.581] [bmv2] [T] [thread 9272] [7.0] [cxt 0] Bytes parsed: 14
[21:03:45.581] [bmv2] [D] [thread 9272] [7.0] [cxt 0] Parser 'parser': end
[21:03:45.581] [bmv2] [D] [thread 9272] [7.0] [cxt 0] Pipeline 'ingress': start
[21:03:45.581] [bmv2] [T] [thread 9272] [7.0] [cxt 0] basic.p4(114) Condition "hdr.ipv4.isValid()" (node_2) is false
[21:03:45.581] [bmv2] [D] [thread 9272] [7.0] [cxt 0] Pipeline 'ingress': end
[21:03:45.581] [bmv2] [D] [thread 9272] [7.0] [cxt 0] Egress port is 0
[21:03:45.581] [bmv2] [D] [thread 9272] [8.0] [cxt 0] Processing packet received on port 3
[21:03:45.581] [bmv2] [D] [thread 9272] [8.0] [cxt 0] Parser 'parser': start
[21:03:45.581] [bmv2] [D] [thread 9272] [8.0] [cxt 0] Parser 'parser' entering state 'start'
[21:03:45.582] [bmv2] [D] [thread 9272] [8.0] [cxt 0] Extracting header 'ethernet'
[21:03:45.582] [bmv2] [D] [thread 9272] [8.0] [cxt 0] Parser state 'start': key is 86dd
[21:03:45.582] [bmv2] [T] [thread 9272] [8.0] [cxt 0] Bytes parsed: 14
[21:03:45.582] [bmv2] [D] [thread 9272] [8.0] [cxt 0] Parser 'parser': end
[21:03:45.586] [bmv2] [D] [thread 9272] [8.0] [cxt 0] Pipeline 'ingress': start
[21:03:45.586] [bmv2] [T] [thread 9272] [8.0] [cxt 0] basic.p4(114) Condition "hdr.ipv4.isValid()" (node_2) is false
[21:03:45.586] [bmv2] [D] [thread 9272] [8.0] [cxt 0] Pipeline 'ingress': end
[21:03:45.586] [bmv2] [D] [thread 9272] [8.0] [cxt 0] Egress port is 0
[21:03:45.582] [bmv2] [D] [thread 9273] [7.0] [cxt 0] Pipeline 'egress': start
[21:03:45.587] [bmv2] [D] [thread 9273] [7.0] [cxt 0] Pipeline 'egress': end
[21:03:45.587] [bmv2] [D] [thread 9273] [7.0] [cxt 0] Deparser 'deparser': start
[21:03:45.587] [bmv2] [T] [thread 9273] [7.0] [cxt 0] Skipping checksum 'cksum' update because condition not met
[21:03:45.587] [bmv2] [D] [thread 9273] [7.0] [cxt 0] Deparsing header 'ethernet'
[21:03:45.587] [bmv2] [D] [thread 9273] [7.0] [cxt 0] Deparser 'deparser': end
[21:03:45.587] [bmv2] [D] [thread 9273] [8.0] [cxt 0] Pipeline 'egress': start
[21:03:45.587] [bmv2] [D] [thread 9273] [8.0] [cxt 0] Pipeline 'egress': end
[21:03:45.587] [bmv2] [D] [thread 9273] [8.0] [cxt 0] Deparser 'deparser': start
[21:03:45.587] [bmv2] [T] [thread 9273] [8.0] [cxt 0] Skipping checksum 'cksum' update because condition not met
[21:03:45.587] [bmv2] [D] [thread 9273] [8.0] [cxt 0] Deparsing header 'ethernet'
[21:03:45.587] [bmv2] [D] [thread 9273] [8.0] [cxt 0] Deparser 'deparser': end
[21:03:45.587] [bmv2] [D] [thread 9277] [7.0] [cxt 0] Transmitting packet of size 90 out of port 0
[21:03:45.587] [bmv2] [D] [thread 9277] [8.0] [cxt 0] Transmitting packet of size 70 out of port 0
[21:03:45.656] [bmv2] [D] [thread 9272] [9.0] [cxt 0] Processing packet received on port 1
[21:03:45.656] [bmv2] [D] [thread 9272] [9.0] [cxt 0] Parser 'parser': start
[21:03:45.656] [bmv2] [D] [thread 9272] [9.0] [cxt 0] Parser 'parser' entering state 'start'
[21:03:45.656] [bmv2] [D] [thread 9272] [9.0] [cxt 0] Extracting header 'ethernet'
[21:03:45.656] [bmv2] [D] [thread 9272] [9.0] [cxt 0] Parser state 'start': key is 86dd
[21:03:45.656] [bmv2] [T] [thread 9272] [9.0] [cxt 0] Bytes parsed: 14
[21:03:45.656] [bmv2] [D] [thread 9272] [9.0] [cxt 0] Parser 'parser': end
[21:03:45.656] [bmv2] [D] [thread 9272] [9.0] [cxt 0] Pipeline 'ingress': start
[21:03:45.656] [bmv2] [T] [thread 9272] [9.0] [cxt 0] basic.p4(114) Condition "hdr.ipv4.isValid()" (node_2) is false
[21:03:45.656] [bmv2] [D] [thread 9272] [9.0] [cxt 0] Pipeline 'ingress': end
[21:03:45.656] [bmv2] [D] [thread 9272] [9.0] [cxt 0] Egress port is 0
[21:03:45.656] [bmv2] [D] [thread 9272] [10.0] [cxt 0] Processing packet received on port 1
[21:03:45.656] [bmv2] [D] [thread 9272] [10.0] [cxt 0] Parser 'parser': start
[21:03:45.656] [bmv2] [D] [thread 9272] [10.0] [cxt 0] Parser 'parser' entering state 'start'
[21:03:45.656] [bmv2] [D] [thread 9272] [10.0] [cxt 0] Extracting header 'ethernet'
[21:03:45.656] [bmv2] [D] [thread 9272] [10.0] [cxt 0] Parser state 'start': key is 86dd
[21:03:45.656] [bmv2] [T] [thread 9272] [10.0] [cxt 0] Bytes parsed: 14
[21:03:45.656] [bmv2] [D] [thread 9272] [10.0] [cxt 0] Parser 'parser': end
[21:03:45.656] [bmv2] [D] [thread 9272] [10.0] [cxt 0] Pipeline 'ingress': start
[21:03:45.656] [bmv2] [T] [thread 9272] [10.0] [cxt 0] basic.p4(114) Condition "hdr.ipv4.isValid()" (node_2) is false
[21:03:45.656] [bmv2] [D] [thread 9272] [10.0] [cxt 0] Pipeline 'ingress': end
[21:03:45.656] [bmv2] [D] [thread 9272] [10.0] [cxt 0] Egress port is 0
[21:03:45.656] [bmv2] [D] [thread 9273] [9.0] [cxt 0] Pipeline 'egress': start
[21:03:45.656] [bmv2] [D] [thread 9273] [9.0] [cxt 0] Pipeline 'egress': end
[21:03:45.656] [bmv2] [D] [thread 9273] [9.0] [cxt 0] Deparser 'deparser': start
[21:03:45.656] [bmv2] [T] [thread 9273] [9.0] [cxt 0] Skipping checksum 'cksum' update because condition not met
[21:03:45.656] [bmv2] [D] [thread 9273] [9.0] [cxt 0] Deparsing header 'ethernet'
[21:03:45.656] [bmv2] [D] [thread 9273] [9.0] [cxt 0] Deparser 'deparser': end
[21:03:45.656] [bmv2] [D] [thread 9273] [10.0] [cxt 0] Pipeline 'egress': start
[21:03:45.656] [bmv2] [D] [thread 9273] [10.0] [cxt 0] Pipeline 'egress': end
[21:03:45.656] [bmv2] [D] [thread 9273] [10.0] [cxt 0] Deparser 'deparser': start
[21:03:45.656] [bmv2] [T] [thread 9273] [10.0] [cxt 0] Skipping checksum 'cksum' update because condition not met
[21:03:45.656] [bmv2] [D] [thread 9273] [10.0] [cxt 0] Deparsing header 'ethernet'
[21:03:45.656] [bmv2] [D] [thread 9273] [10.0] [cxt 0] Deparser 'deparser': end
[21:03:45.656] [bmv2] [D] [thread 9277] [9.0] [cxt 0] Transmitting packet of size 90 out of port 0
[21:03:45.656] [bmv2] [D] [thread 9277] [10.0] [cxt 0] Transmitting packet of size 70 out of port 0
[21:03:45.709] [bmv2] [D] [thread 9272] [11.0] [cxt 0] Processing packet received on port 1
[21:03:45.709] [bmv2] [D] [thread 9272] [11.0] [cxt 0] Parser 'parser': start
[21:03:45.709] [bmv2] [D] [thread 9272] [11.0] [cxt 0] Parser 'parser' entering state 'start'
[21:03:45.709] [bmv2] [D] [thread 9272] [11.0] [cxt 0] Extracting header 'ethernet'
[21:03:45.709] [bmv2] [D] [thread 9272] [11.0] [cxt 0] Parser state 'start': key is 86dd
[21:03:45.709] [bmv2] [T] [thread 9272] [11.0] [cxt 0] Bytes parsed: 14
[21:03:45.709] [bmv2] [D] [thread 9272] [11.0] [cxt 0] Parser 'parser': end
[21:03:45.709] [bmv2] [D] [thread 9272] [11.0] [cxt 0] Pipeline 'ingress': start
[21:03:45.709] [bmv2] [T] [thread 9272] [11.0] [cxt 0] basic.p4(114) Condition "hdr.ipv4.isValid()" (node_2) is false
[21:03:45.709] [bmv2] [D] [thread 9272] [11.0] [cxt 0] Pipeline 'ingress': end
[21:03:45.709] [bmv2] [D] [thread 9272] [11.0] [cxt 0] Egress port is 0
[21:03:45.709] [bmv2] [D] [thread 9272] [12.0] [cxt 0] Processing packet received on port 4
[21:03:45.709] [bmv2] [D] [thread 9272] [12.0] [cxt 0] Parser 'parser': start
[21:03:45.709] [bmv2] [D] [thread 9272] [12.0] [cxt 0] Parser 'parser' entering state 'start'
[21:03:45.709] [bmv2] [D] [thread 9272] [12.0] [cxt 0] Extracting header 'ethernet'
[21:03:45.709] [bmv2] [D] [thread 9272] [12.0] [cxt 0] Parser state 'start': key is 86dd
[21:03:45.709] [bmv2] [T] [thread 9272] [12.0] [cxt 0] Bytes parsed: 14
[21:03:45.709] [bmv2] [D] [thread 9272] [12.0] [cxt 0] Parser 'parser': end
[21:03:45.709] [bmv2] [D] [thread 9272] [12.0] [cxt 0] Pipeline 'ingress': start
[21:03:45.709] [bmv2] [T] [thread 9272] [12.0] [cxt 0] basic.p4(114) Condition "hdr.ipv4.isValid()" (node_2) is false
[21:03:45.709] [bmv2] [D] [thread 9272] [12.0] [cxt 0] Pipeline 'ingress': end
[21:03:45.709] [bmv2] [D] [thread 9272] [12.0] [cxt 0] Egress port is 0
[21:03:45.709] [bmv2] [D] [thread 9272] [13.0] [cxt 0] Processing packet received on port 4
[21:03:45.709] [bmv2] [D] [thread 9272] [13.0] [cxt 0] Parser 'parser': start
[21:03:45.709] [bmv2] [D] [thread 9272] [13.0] [cxt 0] Parser 'parser' entering state 'start'
[21:03:45.710] [bmv2] [D] [thread 9272] [13.0] [cxt 0] Extracting header 'ethernet'
[21:03:45.710] [bmv2] [D] [thread 9272] [13.0] [cxt 0] Parser state 'start': key is 86dd
[21:03:45.710] [bmv2] [T] [thread 9272] [13.0] [cxt 0] Bytes parsed: 14
[21:03:45.710] [bmv2] [D] [thread 9272] [13.0] [cxt 0] Parser 'parser': end
[21:03:45.710] [bmv2] [D] [thread 9272] [13.0] [cxt 0] Pipeline 'ingress': start
[21:03:45.710] [bmv2] [T] [thread 9272] [13.0] [cxt 0] basic.p4(114) Condition "hdr.ipv4.isValid()" (node_2) is false
[21:03:45.710] [bmv2] [D] [thread 9272] [13.0] [cxt 0] Pipeline 'ingress': end
[21:03:45.710] [bmv2] [D] [thread 9272] [13.0] [cxt 0] Egress port is 0
[21:03:45.710] [bmv2] [D] [thread 9273] [11.0] [cxt 0] Pipeline 'egress': start
[21:03:45.710] [bmv2] [D] [thread 9273] [11.0] [cxt 0] Pipeline 'egress': end
[21:03:45.710] [bmv2] [D] [thread 9273] [11.0] [cxt 0] Deparser 'deparser': start
[21:03:45.710] [bmv2] [T] [thread 9273] [11.0] [cxt 0] Skipping checksum 'cksum' update because condition not met
[21:03:45.710] [bmv2] [D] [thread 9273] [11.0] [cxt 0] Deparsing header 'ethernet'
[21:03:45.710] [bmv2] [D] [thread 9273] [11.0] [cxt 0] Deparser 'deparser': end
[21:03:45.710] [bmv2] [D] [thread 9273] [12.0] [cxt 0] Pipeline 'egress': start
[21:03:45.710] [bmv2] [D] [thread 9273] [12.0] [cxt 0] Pipeline 'egress': end
[21:03:45.710] [bmv2] [D] [thread 9273] [12.0] [cxt 0] Deparser 'deparser': start
[21:03:45.710] [bmv2] [T] [thread 9273] [12.0] [cxt 0] Skipping checksum 'cksum' update because condition not met
[21:03:45.710] [bmv2] [D] [thread 9273] [12.0] [cxt 0] Deparsing header 'ethernet'
[21:03:45.710] [bmv2] [D] [thread 9273] [12.0] [cxt 0] Deparser 'deparser': end
[21:03:45.710] [bmv2] [D] [thread 9273] [13.0] [cxt 0] Pipeline 'egress': start
[21:03:45.710] [bmv2] [D] [thread 9273] [13.0] [cxt 0] Pipeline 'egress': end
[21:03:45.710] [bmv2] [D] [thread 9273] [13.0] [cxt 0] Deparser 'deparser': start
[21:03:45.710] [bmv2] [T] [thread 9273] [13.0] [cxt 0] Skipping checksum 'cksum' update because condition not met
[21:03:45.710] [bmv2] [D] [thread 9273] [13.0] [cxt 0] Deparsing header 'ethernet'
[21:03:45.710] [bmv2] [D] [thread 9273] [13.0] [cxt 0] Deparser 'deparser': end
[21:03:45.710] [bmv2] [D] [thread 9277] [11.0] [cxt 0] Transmitting packet of size 90 out of port 0
[21:03:45.710] [bmv2] [D] [thread 9277] [12.0] [cxt 0] Transmitting packet of size 90 out of port 0
[21:03:45.710] [bmv2] [D] [thread 9277] [13.0] [cxt 0] Transmitting packet of size 70 out of port 0
[21:03:45.954] [bmv2] [D] [thread 9272] [14.0] [cxt 0] Processing packet received on port 4
[21:03:45.954] [bmv2] [D] [thread 9272] [14.0] [cxt 0] Parser 'parser': start
[21:03:45.954] [bmv2] [D] [thread 9272] [14.0] [cxt 0] Parser 'parser' entering state 'start'
[21:03:45.954] [bmv2] [D] [thread 9272] [14.0] [cxt 0] Extracting header 'ethernet'
[21:03:45.955] [bmv2] [D] [thread 9272] [14.0] [cxt 0] Parser state 'start': key is 86dd
[21:03:45.955] [bmv2] [T] [thread 9272] [14.0] [cxt 0] Bytes parsed: 14
[21:03:45.955] [bmv2] [D] [thread 9272] [14.0] [cxt 0] Parser 'parser': end
[21:03:45.955] [bmv2] [D] [thread 9272] [14.0] [cxt 0] Pipeline 'ingress': start
[21:03:45.955] [bmv2] [T] [thread 9272] [14.0] [cxt 0] basic.p4(114) Condition "hdr.ipv4.isValid()" (node_2) is false
[21:03:45.955] [bmv2] [D] [thread 9272] [14.0] [cxt 0] Pipeline 'ingress': end
[21:03:45.955] [bmv2] [D] [thread 9272] [14.0] [cxt 0] Egress port is 0
[21:03:45.955] [bmv2] [D] [thread 9273] [14.0] [cxt 0] Pipeline 'egress': start
[21:03:45.955] [bmv2] [D] [thread 9273] [14.0] [cxt 0] Pipeline 'egress': end
[21:03:45.955] [bmv2] [D] [thread 9273] [14.0] [cxt 0] Deparser 'deparser': start
[21:03:45.955] [bmv2] [T] [thread 9273] [14.0] [cxt 0] Skipping checksum 'cksum' update because condition not met
[21:03:45.955] [bmv2] [D] [thread 9273] [14.0] [cxt 0] Deparsing header 'ethernet'
[21:03:45.955] [bmv2] [D] [thread 9273] [14.0] [cxt 0] Deparser 'deparser': end
[21:03:45.955] [bmv2] [D] [thread 9277] [14.0] [cxt 0] Transmitting packet of size 90 out of port 0
[21:03:45.992] [bmv2] [D] [thread 9272] [15.0] [cxt 0] Processing packet received on port 3
[21:03:45.992] [bmv2] [D] [thread 9272] [15.0] [cxt 0] Parser 'parser': start
[21:03:45.992] [bmv2] [D] [thread 9272] [15.0] [cxt 0] Parser 'parser' entering state 'start'
[21:03:45.992] [bmv2] [D] [thread 9272] [15.0] [cxt 0] Extracting header 'ethernet'
[21:03:45.992] [bmv2] [D] [thread 9272] [15.0] [cxt 0] Parser state 'start': key is 86dd
[21:03:45.992] [bmv2] [T] [thread 9272] [15.0] [cxt 0] Bytes parsed: 14
[21:03:45.992] [bmv2] [D] [thread 9272] [15.0] [cxt 0] Parser 'parser': end
[21:03:45.992] [bmv2] [D] [thread 9272] [15.0] [cxt 0] Pipeline 'ingress': start
[21:03:45.992] [bmv2] [T] [thread 9272] [15.0] [cxt 0] basic.p4(114) Condition "hdr.ipv4.isValid()" (node_2) is false
[21:03:45.992] [bmv2] [D] [thread 9272] [15.0] [cxt 0] Pipeline 'ingress': end
[21:03:45.992] [bmv2] [D] [thread 9272] [15.0] [cxt 0] Egress port is 0
[21:03:45.992] [bmv2] [D] [thread 9273] [15.0] [cxt 0] Pipeline 'egress': start
[21:03:45.992] [bmv2] [D] [thread 9273] [15.0] [cxt 0] Pipeline 'egress': end
[21:03:45.992] [bmv2] [D] [thread 9273] [15.0] [cxt 0] Deparser 'deparser': start
[21:03:45.992] [bmv2] [T] [thread 9273] [15.0] [cxt 0] Skipping checksum 'cksum' update because condition not met
[21:03:45.992] [bmv2] [D] [thread 9273] [15.0] [cxt 0] Deparsing header 'ethernet'
[21:03:45.992] [bmv2] [D] [thread 9273] [15.0] [cxt 0] Deparser 'deparser': end
[21:03:45.992] [bmv2] [D] [thread 9277] [15.0] [cxt 0] Transmitting packet of size 90 out of port 0
[21:03:46.064] [bmv2] [D] [thread 9272] [16.0] [cxt 0] Processing packet received on port 4
[21:03:46.064] [bmv2] [D] [thread 9272] [16.0] [cxt 0] Parser 'parser': start
[21:03:46.064] [bmv2] [D] [thread 9272] [16.0] [cxt 0] Parser 'parser' entering state 'start'
[21:03:46.064] [bmv2] [D] [thread 9272] [16.0] [cxt 0] Extracting header 'ethernet'
[21:03:46.064] [bmv2] [D] [thread 9272] [16.0] [cxt 0] Parser state 'start': key is 86dd
[21:03:46.064] [bmv2] [T] [thread 9272] [16.0] [cxt 0] Bytes parsed: 14
[21:03:46.064] [bmv2] [D] [thread 9272] [16.0] [cxt 0] Parser 'parser': end
[21:03:46.064] [bmv2] [D] [thread 9272] [16.0] [cxt 0] Pipeline 'ingress': start
[21:03:46.064] [bmv2] [T] [thread 9272] [16.0] [cxt 0] basic.p4(114) Condition "hdr.ipv4.isValid()" (node_2) is false
[21:03:46.064] [bmv2] [D] [thread 9272] [16.0] [cxt 0] Pipeline 'ingress': end
[21:03:46.064] [bmv2] [D] [thread 9272] [16.0] [cxt 0] Egress port is 0
[21:03:46.064] [bmv2] [D] [thread 9273] [16.0] [cxt 0] Pipeline 'egress': start
[21:03:46.064] [bmv2] [D] [thread 9273] [16.0] [cxt 0] Pipeline 'egress': end
[21:03:46.064] [bmv2] [D] [thread 9273] [16.0] [cxt 0] Deparser 'deparser': start
[21:03:46.064] [bmv2] [T] [thread 9273] [16.0] [cxt 0] Skipping checksum 'cksum' update because condition not met
[21:03:46.064] [bmv2] [D] [thread 9273] [16.0] [cxt 0] Deparsing header 'ethernet'
[21:03:46.064] [bmv2] [D] [thread 9273] [16.0] [cxt 0] Deparser 'deparser': end
[21:03:46.064] [bmv2] [D] [thread 9277] [16.0] [cxt 0] Transmitting packet of size 90 out of port 0
[21:03:46.472] [bmv2] [D] [thread 9272] [17.0] [cxt 0] Processing packet received on port 2
[21:03:46.472] [bmv2] [D] [thread 9272] [17.0] [cxt 0] Parser 'parser': start
[21:03:46.472] [bmv2] [D] [thread 9272] [17.0] [cxt 0] Parser 'parser' entering state 'start'
[21:03:46.472] [bmv2] [D] [thread 9272] [17.0] [cxt 0] Extracting header 'ethernet'
[21:03:46.472] [bmv2] [D] [thread 9272] [17.0] [cxt 0] Parser state 'start': key is 86dd
[21:03:46.472] [bmv2] [T] [thread 9272] [17.0] [cxt 0] Bytes parsed: 14
[21:03:46.472] [bmv2] [D] [thread 9272] [17.0] [cxt 0] Parser 'parser': end
[21:03:46.472] [bmv2] [D] [thread 9272] [17.0] [cxt 0] Pipeline 'ingress': start
[21:03:46.472] [bmv2] [T] [thread 9272] [17.0] [cxt 0] basic.p4(114) Condition "hdr.ipv4.isValid()" (node_2) is false
[21:03:46.472] [bmv2] [D] [thread 9272] [17.0] [cxt 0] Pipeline 'ingress': end
[21:03:46.472] [bmv2] [D] [thread 9272] [17.0] [cxt 0] Egress port is 0
[21:03:46.472] [bmv2] [D] [thread 9273] [17.0] [cxt 0] Pipeline 'egress': start
[21:03:46.472] [bmv2] [D] [thread 9273] [17.0] [cxt 0] Pipeline 'egress': end
[21:03:46.472] [bmv2] [D] [thread 9273] [17.0] [cxt 0] Deparser 'deparser': start
[21:03:46.472] [bmv2] [T] [thread 9273] [17.0] [cxt 0] Skipping checksum 'cksum' update because condition not met
[21:03:46.472] [bmv2] [D] [thread 9273] [17.0] [cxt 0] Deparsing header 'ethernet'
[21:03:46.472] [bmv2] [D] [thread 9273] [17.0] [cxt 0] Deparser 'deparser': end
[21:03:46.472] [bmv2] [D] [thread 9277] [17.0] [cxt 0] Transmitting packet of size 90 out of port 0
[21:03:46.527] [bmv2] [D] [thread 9272] [18.0] [cxt 0] Processing packet received on port 3
[21:03:46.527] [bmv2] [D] [thread 9272] [18.0] [cxt 0] Parser 'parser': start
[21:03:46.527] [bmv2] [D] [thread 9272] [18.0] [cxt 0] Parser 'parser' entering state 'start'
[21:03:46.527] [bmv2] [D] [thread 9272] [18.0] [cxt 0] Extracting header 'ethernet'
[21:03:46.527] [bmv2] [D] [thread 9272] [18.0] [cxt 0] Parser state 'start': key is 86dd
[21:03:46.527] [bmv2] [T] [thread 9272] [18.0] [cxt 0] Bytes parsed: 14
[21:03:46.527] [bmv2] [D] [thread 9272] [18.0] [cxt 0] Parser 'parser': end
[21:03:46.527] [bmv2] [D] [thread 9272] [18.0] [cxt 0] Pipeline 'ingress': start
[21:03:46.527] [bmv2] [T] [thread 9272] [18.0] [cxt 0] basic.p4(114) Condition "hdr.ipv4.isValid()" (node_2) is false
[21:03:46.527] [bmv2] [D] [thread 9272] [18.0] [cxt 0] Pipeline 'ingress': end
[21:03:46.527] [bmv2] [D] [thread 9272] [18.0] [cxt 0] Egress port is 0
[21:03:46.527] [bmv2] [D] [thread 9273] [18.0] [cxt 0] Pipeline 'egress': start
[21:03:46.527] [bmv2] [D] [thread 9273] [18.0] [cxt 0] Pipeline 'egress': end
[21:03:46.527] [bmv2] [D] [thread 9273] [18.0] [cxt 0] Deparser 'deparser': start
[21:03:46.527] [bmv2] [T] [thread 9273] [18.0] [cxt 0] Skipping checksum 'cksum' update because condition not met
[21:03:46.527] [bmv2] [D] [thread 9273] [18.0] [cxt 0] Deparsing header 'ethernet'
[21:03:46.527] [bmv2] [D] [thread 9273] [18.0] [cxt 0] Deparser 'deparser': end
[21:03:46.527] [bmv2] [D] [thread 9277] [18.0] [cxt 0] Transmitting packet of size 90 out of port 0
[21:03:47.450] [bmv2] [W] [thread 9351] [P4Runtime] p4::tmp::P4DeviceConfig is deprecated
[21:03:47.451] [bmv2] [D] [thread 9351] Set default default entry for table 'MyIngress.ipv4_lpm': MyIngress.drop - 
[21:03:47.452] [bmv2] [D] [thread 9351] simple_switch target has been notified of a config swap
[21:03:47.453] [bmv2] [D] [thread 9352] Set default entry for table 'MyIngress.ipv4_lpm': MyIngress.drop - 
[21:03:47.454] [bmv2] [D] [thread 9351] Entry 0 added to table 'MyIngress.ipv4_lpm'
[21:03:47.454] [bmv2] [D] [thread 9351] Dumping entry 0
Match key:
* hdr.ipv4.dstAddr    : LPM       0a000101/32
Action entry: MyIngress.ipv4_forward - 80000000300,4,

[21:03:47.454] [bmv2] [D] [thread 9352] Entry 1 added to table 'MyIngress.ipv4_lpm'
[21:03:47.455] [bmv2] [D] [thread 9352] Dumping entry 1
Match key:
* hdr.ipv4.dstAddr    : LPM       0a000202/32
Action entry: MyIngress.ipv4_forward - 80000000400,3,

[21:03:47.455] [bmv2] [D] [thread 9351] Entry 2 added to table 'MyIngress.ipv4_lpm'
[21:03:47.455] [bmv2] [D] [thread 9351] Dumping entry 2
Match key:
* hdr.ipv4.dstAddr    : LPM       0a000303/32
Action entry: MyIngress.ipv4_forward - 80000000333,1,

[21:03:47.456] [bmv2] [D] [thread 9352] Entry 3 added to table 'MyIngress.ipv4_lpm'
[21:03:47.456] [bmv2] [D] [thread 9352] Dumping entry 3
Match key:
* hdr.ipv4.dstAddr    : LPM       0a000404/32
Action entry: MyIngress.ipv4_forward - 80000000444,2,

[21:03:49.577] [bmv2] [D] [thread 9272] [19.0] [cxt 0] Processing packet received on port 1
[21:03:49.577] [bmv2] [D] [thread 9272] [19.0] [cxt 0] Parser 'parser': start
[21:03:49.577] [bmv2] [D] [thread 9272] [19.0] [cxt 0] Parser 'parser' entering state 'start'
[21:03:49.577] [bmv2] [D] [thread 9272] [19.0] [cxt 0] Extracting header 'ethernet'
[21:03:49.577] [bmv2] [D] [thread 9272] [19.0] [cxt 0] Parser state 'start': key is 86dd
[21:03:49.577] [bmv2] [T] [thread 9272] [19.0] [cxt 0] Bytes parsed: 14
[21:03:49.577] [bmv2] [D] [thread 9272] [19.0] [cxt 0] Parser 'parser': end
[21:03:49.577] [bmv2] [D] [thread 9272] [19.0] [cxt 0] Pipeline 'ingress': start
[21:03:49.577] [bmv2] [T] [thread 9272] [19.0] [cxt 0] basic.p4(114) Condition "hdr.ipv4.isValid()" (node_2) is false
[21:03:49.577] [bmv2] [D] [thread 9272] [19.0] [cxt 0] Pipeline 'ingress': end
[21:03:49.577] [bmv2] [D] [thread 9272] [19.0] [cxt 0] Egress port is 0
[21:03:49.577] [bmv2] [D] [thread 9273] [19.0] [cxt 0] Pipeline 'egress': start
[21:03:49.577] [bmv2] [D] [thread 9273] [19.0] [cxt 0] Pipeline 'egress': end
[21:03:49.577] [bmv2] [D] [thread 9273] [19.0] [cxt 0] Deparser 'deparser': start
[21:03:49.577] [bmv2] [T] [thread 9273] [19.0] [cxt 0] Skipping checksum 'cksum' update because condition not met
[21:03:49.577] [bmv2] [D] [thread 9273] [19.0] [cxt 0] Deparsing header 'ethernet'
[21:03:49.577] [bmv2] [D] [thread 9273] [19.0] [cxt 0] Deparser 'deparser': end
[21:03:49.577] [bmv2] [D] [thread 9277] [19.0] [cxt 0] Transmitting packet of size 70 out of port 0
[21:03:49.580] [bmv2] [D] [thread 9272] [20.0] [cxt 0] Processing packet received on port 3
[21:03:49.580] [bmv2] [D] [thread 9272] [20.0] [cxt 0] Parser 'parser': start
[21:03:49.580] [bmv2] [D] [thread 9272] [20.0] [cxt 0] Parser 'parser' entering state 'start'
[21:03:49.580] [bmv2] [D] [thread 9272] [20.0] [cxt 0] Extracting header 'ethernet'
[21:03:49.580] [bmv2] [D] [thread 9272] [20.0] [cxt 0] Parser state 'start': key is 86dd
[21:03:49.580] [bmv2] [T] [thread 9272] [20.0] [cxt 0] Bytes parsed: 14
[21:03:49.580] [bmv2] [D] [thread 9272] [20.0] [cxt 0] Parser 'parser': end
[21:03:49.580] [bmv2] [D] [thread 9272] [20.0] [cxt 0] Pipeline 'ingress': start
[21:03:49.580] [bmv2] [T] [thread 9272] [20.0] [cxt 0] basic.p4(114) Condition "hdr.ipv4.isValid()" (node_2) is false
[21:03:49.580] [bmv2] [D] [thread 9272] [20.0] [cxt 0] Pipeline 'ingress': end
[21:03:49.580] [bmv2] [D] [thread 9272] [20.0] [cxt 0] Egress port is 0
[21:03:49.580] [bmv2] [D] [thread 9272] [21.0] [cxt 0] Processing packet received on port 4
[21:03:49.580] [bmv2] [D] [thread 9272] [21.0] [cxt 0] Parser 'parser': start
[21:03:49.580] [bmv2] [D] [thread 9272] [21.0] [cxt 0] Parser 'parser' entering state 'start'
[21:03:49.580] [bmv2] [D] [thread 9272] [21.0] [cxt 0] Extracting header 'ethernet'
[21:03:49.580] [bmv2] [D] [thread 9272] [21.0] [cxt 0] Parser state 'start': key is 86dd
[21:03:49.580] [bmv2] [T] [thread 9272] [21.0] [cxt 0] Bytes parsed: 14
[21:03:49.580] [bmv2] [D] [thread 9272] [21.0] [cxt 0] Parser 'parser': end
[21:03:49.580] [bmv2] [D] [thread 9272] [21.0] [cxt 0] Pipeline 'ingress': start
[21:03:49.580] [bmv2] [T] [thread 9272] [21.0] [cxt 0] basic.p4(114) Condition "hdr.ipv4.isValid()" (node_2) is false
[21:03:49.580] [bmv2] [D] [thread 9272] [21.0] [cxt 0] Pipeline 'ingress': end
[21:03:49.580] [bmv2] [D] [thread 9272] [21.0] [cxt 0] Egress port is 0
[21:03:49.580] [bmv2] [D] [thread 9273] [20.0] [cxt 0] Pipeline 'egress': start
[21:03:49.580] [bmv2] [D] [thread 9273] [20.0] [cxt 0] Pipeline 'egress': end
[21:03:49.580] [bmv2] [D] [thread 9273] [20.0] [cxt 0] Deparser 'deparser': start
[21:03:49.580] [bmv2] [T] [thread 9273] [20.0] [cxt 0] Skipping checksum 'cksum' update because condition not met
[21:03:49.580] [bmv2] [D] [thread 9273] [20.0] [cxt 0] Deparsing header 'ethernet'
[21:03:49.580] [bmv2] [D] [thread 9273] [20.0] [cxt 0] Deparser 'deparser': end
[21:03:49.580] [bmv2] [D] [thread 9273] [21.0] [cxt 0] Pipeline 'egress': start
[21:03:49.580] [bmv2] [D] [thread 9273] [21.0] [cxt 0] Pipeline 'egress': end
[21:03:49.580] [bmv2] [D] [thread 9273] [21.0] [cxt 0] Deparser 'deparser': start
[21:03:49.580] [bmv2] [T] [thread 9273] [21.0] [cxt 0] Skipping checksum 'cksum' update because condition not met
[21:03:49.580] [bmv2] [D] [thread 9273] [21.0] [cxt 0] Deparsing header 'ethernet'
[21:03:49.580] [bmv2] [D] [thread 9273] [21.0] [cxt 0] Deparser 'deparser': end
[21:03:49.580] [bmv2] [D] [thread 9277] [20.0] [cxt 0] Transmitting packet of size 70 out of port 0
[21:03:49.580] [bmv2] [D] [thread 9277] [21.0] [cxt 0] Transmitting packet of size 70 out of port 0
[21:03:49.832] [bmv2] [D] [thread 9272] [22.0] [cxt 0] Processing packet received on port 2
[21:03:49.832] [bmv2] [D] [thread 9272] [22.0] [cxt 0] Parser 'parser': start
[21:03:49.832] [bmv2] [D] [thread 9272] [22.0] [cxt 0] Parser 'parser' entering state 'start'
[21:03:49.832] [bmv2] [D] [thread 9272] [22.0] [cxt 0] Extracting header 'ethernet'
[21:03:49.832] [bmv2] [D] [thread 9272] [22.0] [cxt 0] Parser state 'start': key is 86dd
[21:03:49.832] [bmv2] [T] [thread 9272] [22.0] [cxt 0] Bytes parsed: 14
[21:03:49.832] [bmv2] [D] [thread 9272] [22.0] [cxt 0] Parser 'parser': end
[21:03:49.832] [bmv2] [D] [thread 9272] [22.0] [cxt 0] Pipeline 'ingress': start
[21:03:49.832] [bmv2] [T] [thread 9272] [22.0] [cxt 0] basic.p4(114) Condition "hdr.ipv4.isValid()" (node_2) is false
[21:03:49.832] [bmv2] [D] [thread 9272] [22.0] [cxt 0] Pipeline 'ingress': end
[21:03:49.832] [bmv2] [D] [thread 9272] [22.0] [cxt 0] Egress port is 0
[21:03:49.832] [bmv2] [D] [thread 9272] [23.0] [cxt 0] Processing packet received on port 4
[21:03:49.832] [bmv2] [D] [thread 9272] [23.0] [cxt 0] Parser 'parser': start
[21:03:49.832] [bmv2] [D] [thread 9272] [23.0] [cxt 0] Parser 'parser' entering state 'start'
[21:03:49.832] [bmv2] [D] [thread 9272] [23.0] [cxt 0] Extracting header 'ethernet'
[21:03:49.832] [bmv2] [D] [thread 9272] [23.0] [cxt 0] Parser state 'start': key is 86dd
[21:03:49.832] [bmv2] [T] [thread 9272] [23.0] [cxt 0] Bytes parsed: 14
[21:03:49.832] [bmv2] [D] [thread 9272] [23.0] [cxt 0] Parser 'parser': end
[21:03:49.832] [bmv2] [D] [thread 9272] [23.0] [cxt 0] Pipeline 'ingress': start
[21:03:49.832] [bmv2] [T] [thread 9272] [23.0] [cxt 0] basic.p4(114) Condition "hdr.ipv4.isValid()" (node_2) is false
[21:03:49.832] [bmv2] [D] [thread 9272] [23.0] [cxt 0] Pipeline 'ingress': end
[21:03:49.832] [bmv2] [D] [thread 9272] [23.0] [cxt 0] Egress port is 0
[21:03:49.832] [bmv2] [D] [thread 9273] [22.0] [cxt 0] Pipeline 'egress': start
[21:03:49.832] [bmv2] [D] [thread 9273] [22.0] [cxt 0] Pipeline 'egress': end
[21:03:49.832] [bmv2] [D] [thread 9273] [22.0] [cxt 0] Deparser 'deparser': start
[21:03:49.832] [bmv2] [T] [thread 9273] [22.0] [cxt 0] Skipping checksum 'cksum' update because condition not met
[21:03:49.832] [bmv2] [D] [thread 9273] [22.0] [cxt 0] Deparsing header 'ethernet'
[21:03:49.832] [bmv2] [D] [thread 9273] [22.0] [cxt 0] Deparser 'deparser': end
[21:03:49.832] [bmv2] [D] [thread 9273] [23.0] [cxt 0] Pipeline 'egress': start
[21:03:49.832] [bmv2] [D] [thread 9273] [23.0] [cxt 0] Pipeline 'egress': end
[21:03:49.832] [bmv2] [D] [thread 9273] [23.0] [cxt 0] Deparser 'deparser': start
[21:03:49.832] [bmv2] [T] [thread 9273] [23.0] [cxt 0] Skipping checksum 'cksum' update because condition not met
[21:03:49.832] [bmv2] [D] [thread 9273] [23.0] [cxt 0] Deparsing header 'ethernet'
[21:03:49.832] [bmv2] [D] [thread 9273] [23.0] [cxt 0] Deparser 'deparser': end
[21:03:49.833] [bmv2] [D] [thread 9277] [22.0] [cxt 0] Transmitting packet of size 70 out of port 0
[21:03:49.833] [bmv2] [D] [thread 9277] [23.0] [cxt 0] Transmitting packet of size 70 out of port 0
[21:03:50.088] [bmv2] [D] [thread 9272] [24.0] [cxt 0] Processing packet received on port 3
[21:03:50.088] [bmv2] [D] [thread 9272] [24.0] [cxt 0] Parser 'parser': start
[21:03:50.088] [bmv2] [D] [thread 9272] [24.0] [cxt 0] Parser 'parser' entering state 'start'
[21:03:50.088] [bmv2] [D] [thread 9272] [24.0] [cxt 0] Extracting header 'ethernet'
[21:03:50.088] [bmv2] [D] [thread 9272] [24.0] [cxt 0] Parser state 'start': key is 86dd
[21:03:50.088] [bmv2] [T] [thread 9272] [24.0] [cxt 0] Bytes parsed: 14
[21:03:50.088] [bmv2] [D] [thread 9272] [24.0] [cxt 0] Parser 'parser': end
[21:03:50.088] [bmv2] [D] [thread 9272] [24.0] [cxt 0] Pipeline 'ingress': start
[21:03:50.088] [bmv2] [T] [thread 9272] [24.0] [cxt 0] basic.p4(114) Condition "hdr.ipv4.isValid()" (node_2) is false
[21:03:50.088] [bmv2] [D] [thread 9272] [24.0] [cxt 0] Pipeline 'ingress': end
[21:03:50.088] [bmv2] [D] [thread 9272] [24.0] [cxt 0] Egress port is 0
[21:03:50.088] [bmv2] [D] [thread 9273] [24.0] [cxt 0] Pipeline 'egress': start
[21:03:50.088] [bmv2] [D] [thread 9273] [24.0] [cxt 0] Pipeline 'egress': end
[21:03:50.088] [bmv2] [D] [thread 9273] [24.0] [cxt 0] Deparser 'deparser': start
[21:03:50.088] [bmv2] [T] [thread 9273] [24.0] [cxt 0] Skipping checksum 'cksum' update because condition not met
[21:03:50.088] [bmv2] [D] [thread 9273] [24.0] [cxt 0] Deparsing header 'ethernet'
[21:03:50.088] [bmv2] [D] [thread 9273] [24.0] [cxt 0] Deparser 'deparser': end
[21:03:50.088] [bmv2] [D] [thread 9277] [24.0] [cxt 0] Transmitting packet of size 70 out of port 0
[21:03:57.786] [bmv2] [D] [thread 9272] [25.0] [cxt 0] Processing packet received on port 1
[21:03:57.786] [bmv2] [D] [thread 9272] [25.0] [cxt 0] Parser 'parser': start
[21:03:57.786] [bmv2] [D] [thread 9272] [25.0] [cxt 0] Parser 'parser' entering state 'start'
[21:03:57.786] [bmv2] [D] [thread 9272] [25.0] [cxt 0] Extracting header 'ethernet'
[21:03:57.786] [bmv2] [D] [thread 9272] [25.0] [cxt 0] Parser state 'start': key is 86dd
[21:03:57.786] [bmv2] [T] [thread 9272] [25.0] [cxt 0] Bytes parsed: 14
[21:03:57.786] [bmv2] [D] [thread 9272] [25.0] [cxt 0] Parser 'parser': end
[21:03:57.786] [bmv2] [D] [thread 9272] [25.0] [cxt 0] Pipeline 'ingress': start
[21:03:57.786] [bmv2] [T] [thread 9272] [25.0] [cxt 0] basic.p4(114) Condition "hdr.ipv4.isValid()" (node_2) is false
[21:03:57.787] [bmv2] [D] [thread 9272] [25.0] [cxt 0] Pipeline 'ingress': end
[21:03:57.787] [bmv2] [D] [thread 9272] [25.0] [cxt 0] Egress port is 0
[21:03:57.787] [bmv2] [D] [thread 9273] [25.0] [cxt 0] Pipeline 'egress': start
[21:03:57.787] [bmv2] [D] [thread 9273] [25.0] [cxt 0] Pipeline 'egress': end
[21:03:57.787] [bmv2] [D] [thread 9273] [25.0] [cxt 0] Deparser 'deparser': start
[21:03:57.787] [bmv2] [T] [thread 9273] [25.0] [cxt 0] Skipping checksum 'cksum' update because condition not met
[21:03:57.787] [bmv2] [D] [thread 9273] [25.0] [cxt 0] Deparsing header 'ethernet'
[21:03:57.787] [bmv2] [D] [thread 9273] [25.0] [cxt 0] Deparser 'deparser': end
[21:03:57.787] [bmv2] [D] [thread 9277] [25.0] [cxt 0] Transmitting packet of size 70 out of port 0
[21:03:58.027] [bmv2] [D] [thread 9272] [26.0] [cxt 0] Processing packet received on port 2
[21:03:58.027] [bmv2] [D] [thread 9272] [26.0] [cxt 0] Parser 'parser': start
[21:03:58.027] [bmv2] [D] [thread 9272] [26.0] [cxt 0] Parser 'parser' entering state 'start'
[21:03:58.027] [bmv2] [D] [thread 9272] [26.0] [cxt 0] Extracting header 'ethernet'
[21:03:58.027] [bmv2] [D] [thread 9272] [26.0] [cxt 0] Parser state 'start': key is 86dd
[21:03:58.027] [bmv2] [T] [thread 9272] [26.0] [cxt 0] Bytes parsed: 14
[21:03:58.027] [bmv2] [D] [thread 9272] [26.0] [cxt 0] Parser 'parser': end
[21:03:58.027] [bmv2] [D] [thread 9272] [26.0] [cxt 0] Pipeline 'ingress': start
[21:03:58.027] [bmv2] [T] [thread 9272] [26.0] [cxt 0] basic.p4(114) Condition "hdr.ipv4.isValid()" (node_2) is false
[21:03:58.027] [bmv2] [D] [thread 9272] [26.0] [cxt 0] Pipeline 'ingress': end
[21:03:58.027] [bmv2] [D] [thread 9272] [26.0] [cxt 0] Egress port is 0
[21:03:58.027] [bmv2] [D] [thread 9272] [27.0] [cxt 0] Processing packet received on port 4
[21:03:58.027] [bmv2] [D] [thread 9272] [27.0] [cxt 0] Parser 'parser': start
[21:03:58.027] [bmv2] [D] [thread 9272] [27.0] [cxt 0] Parser 'parser' entering state 'start'
[21:03:58.027] [bmv2] [D] [thread 9272] [27.0] [cxt 0] Extracting header 'ethernet'
[21:03:58.027] [bmv2] [D] [thread 9272] [27.0] [cxt 0] Parser state 'start': key is 86dd
[21:03:58.027] [bmv2] [T] [thread 9272] [27.0] [cxt 0] Bytes parsed: 14
[21:03:58.027] [bmv2] [D] [thread 9272] [27.0] [cxt 0] Parser 'parser': end
[21:03:58.027] [bmv2] [D] [thread 9272] [27.0] [cxt 0] Pipeline 'ingress': start
[21:03:58.027] [bmv2] [T] [thread 9272] [27.0] [cxt 0] basic.p4(114) Condition "hdr.ipv4.isValid()" (node_2) is false
[21:03:58.027] [bmv2] [D] [thread 9272] [27.0] [cxt 0] Pipeline 'ingress': end
[21:03:58.027] [bmv2] [D] [thread 9272] [27.0] [cxt 0] Egress port is 0
[21:03:58.027] [bmv2] [D] [thread 9273] [26.0] [cxt 0] Pipeline 'egress': start
[21:03:58.028] [bmv2] [D] [thread 9273] [26.0] [cxt 0] Pipeline 'egress': end
[21:03:58.028] [bmv2] [D] [thread 9273] [26.0] [cxt 0] Deparser 'deparser': start
[21:03:58.028] [bmv2] [T] [thread 9273] [26.0] [cxt 0] Skipping checksum 'cksum' update because condition not met
[21:03:58.028] [bmv2] [D] [thread 9273] [26.0] [cxt 0] Deparsing header 'ethernet'
[21:03:58.028] [bmv2] [D] [thread 9273] [26.0] [cxt 0] Deparser 'deparser': end
[21:03:58.028] [bmv2] [D] [thread 9273] [27.0] [cxt 0] Pipeline 'egress': start
[21:03:58.028] [bmv2] [D] [thread 9273] [27.0] [cxt 0] Pipeline 'egress': end
[21:03:58.028] [bmv2] [D] [thread 9273] [27.0] [cxt 0] Deparser 'deparser': start
[21:03:58.028] [bmv2] [T] [thread 9273] [27.0] [cxt 0] Skipping checksum 'cksum' update because condition not met
[21:03:58.028] [bmv2] [D] [thread 9273] [27.0] [cxt 0] Deparsing header 'ethernet'
[21:03:58.028] [bmv2] [D] [thread 9277] [26.0] [cxt 0] Transmitting packet of size 70 out of port 0
[21:03:58.028] [bmv2] [D] [thread 9273] [27.0] [cxt 0] Deparser 'deparser': end
[21:03:58.028] [bmv2] [D] [thread 9277] [27.0] [cxt 0] Transmitting packet of size 70 out of port 0
[21:03:58.294] [bmv2] [D] [thread 9272] [28.0] [cxt 0] Processing packet received on port 3
[21:03:58.294] [bmv2] [D] [thread 9272] [28.0] [cxt 0] Parser 'parser': start
[21:03:58.294] [bmv2] [D] [thread 9272] [28.0] [cxt 0] Parser 'parser' entering state 'start'
[21:03:58.294] [bmv2] [D] [thread 9272] [28.0] [cxt 0] Extracting header 'ethernet'
[21:03:58.294] [bmv2] [D] [thread 9272] [28.0] [cxt 0] Parser state 'start': key is 86dd
[21:03:58.294] [bmv2] [T] [thread 9272] [28.0] [cxt 0] Bytes parsed: 14
[21:03:58.294] [bmv2] [D] [thread 9272] [28.0] [cxt 0] Parser 'parser': end
[21:03:58.294] [bmv2] [D] [thread 9272] [28.0] [cxt 0] Pipeline 'ingress': start
[21:03:58.294] [bmv2] [T] [thread 9272] [28.0] [cxt 0] basic.p4(114) Condition "hdr.ipv4.isValid()" (node_2) is false
[21:03:58.294] [bmv2] [D] [thread 9272] [28.0] [cxt 0] Pipeline 'ingress': end
[21:03:58.294] [bmv2] [D] [thread 9272] [28.0] [cxt 0] Egress port is 0
[21:03:58.294] [bmv2] [D] [thread 9272] [29.0] [cxt 0] Processing packet received on port 4
[21:03:58.294] [bmv2] [D] [thread 9272] [29.0] [cxt 0] Parser 'parser': start
[21:03:58.294] [bmv2] [D] [thread 9272] [29.0] [cxt 0] Parser 'parser' entering state 'start'
[21:03:58.294] [bmv2] [D] [thread 9272] [29.0] [cxt 0] Extracting header 'ethernet'
[21:03:58.294] [bmv2] [D] [thread 9272] [29.0] [cxt 0] Parser state 'start': key is 86dd
[21:03:58.294] [bmv2] [T] [thread 9272] [29.0] [cxt 0] Bytes parsed: 14
[21:03:58.294] [bmv2] [D] [thread 9272] [29.0] [cxt 0] Parser 'parser': end
[21:03:58.295] [bmv2] [D] [thread 9272] [29.0] [cxt 0] Pipeline 'ingress': start
[21:03:58.295] [bmv2] [T] [thread 9272] [29.0] [cxt 0] basic.p4(114) Condition "hdr.ipv4.isValid()" (node_2) is false
[21:03:58.295] [bmv2] [D] [thread 9272] [29.0] [cxt 0] Pipeline 'ingress': end
[21:03:58.295] [bmv2] [D] [thread 9272] [29.0] [cxt 0] Egress port is 0
[21:03:58.295] [bmv2] [D] [thread 9273] [28.0] [cxt 0] Pipeline 'egress': start
[21:03:58.295] [bmv2] [D] [thread 9273] [28.0] [cxt 0] Pipeline 'egress': end
[21:03:58.295] [bmv2] [D] [thread 9273] [28.0] [cxt 0] Deparser 'deparser': start
[21:03:58.295] [bmv2] [T] [thread 9273] [28.0] [cxt 0] Skipping checksum 'cksum' update because condition not met
[21:03:58.295] [bmv2] [D] [thread 9273] [28.0] [cxt 0] Deparsing header 'ethernet'
[21:03:58.295] [bmv2] [D] [thread 9273] [28.0] [cxt 0] Deparser 'deparser': end
[21:03:58.295] [bmv2] [D] [thread 9273] [29.0] [cxt 0] Pipeline 'egress': start
[21:03:58.295] [bmv2] [D] [thread 9273] [29.0] [cxt 0] Pipeline 'egress': end
[21:03:58.295] [bmv2] [D] [thread 9273] [29.0] [cxt 0] Deparser 'deparser': start
[21:03:58.295] [bmv2] [T] [thread 9273] [29.0] [cxt 0] Skipping checksum 'cksum' update because condition not met
[21:03:58.295] [bmv2] [D] [thread 9273] [29.0] [cxt 0] Deparsing header 'ethernet'
[21:03:58.295] [bmv2] [D] [thread 9273] [29.0] [cxt 0] Deparser 'deparser': end
[21:03:58.295] [bmv2] [D] [thread 9277] [28.0] [cxt 0] Transmitting packet of size 70 out of port 0
[21:03:58.295] [bmv2] [D] [thread 9277] [29.0] [cxt 0] Transmitting packet of size 70 out of port 0
[21:03:58.792] [bmv2] [D] [thread 9272] [30.0] [cxt 0] Processing packet received on port 3
[21:03:58.792] [bmv2] [D] [thread 9272] [30.0] [cxt 0] Parser 'parser': start
[21:03:58.792] [bmv2] [D] [thread 9272] [30.0] [cxt 0] Parser 'parser' entering state 'start'
[21:03:58.792] [bmv2] [D] [thread 9272] [30.0] [cxt 0] Extracting header 'ethernet'
[21:03:58.792] [bmv2] [D] [thread 9272] [30.0] [cxt 0] Parser state 'start': key is 86dd
[21:03:58.792] [bmv2] [T] [thread 9272] [30.0] [cxt 0] Bytes parsed: 14
[21:03:58.792] [bmv2] [D] [thread 9272] [30.0] [cxt 0] Parser 'parser': end
[21:03:58.792] [bmv2] [D] [thread 9272] [30.0] [cxt 0] Pipeline 'ingress': start
[21:03:58.792] [bmv2] [T] [thread 9272] [30.0] [cxt 0] basic.p4(114) Condition "hdr.ipv4.isValid()" (node_2) is false
[21:03:58.792] [bmv2] [D] [thread 9272] [30.0] [cxt 0] Pipeline 'ingress': end
[21:03:58.792] [bmv2] [D] [thread 9272] [30.0] [cxt 0] Egress port is 0
[21:03:58.792] [bmv2] [D] [thread 9273] [30.0] [cxt 0] Pipeline 'egress': start
[21:03:58.792] [bmv2] [D] [thread 9273] [30.0] [cxt 0] Pipeline 'egress': end
[21:03:58.792] [bmv2] [D] [thread 9273] [30.0] [cxt 0] Deparser 'deparser': start
[21:03:58.792] [bmv2] [T] [thread 9273] [30.0] [cxt 0] Skipping checksum 'cksum' update because condition not met
[21:03:58.792] [bmv2] [D] [thread 9273] [30.0] [cxt 0] Deparsing header 'ethernet'
[21:03:58.792] [bmv2] [D] [thread 9273] [30.0] [cxt 0] Deparser 'deparser': end
[21:03:58.792] [bmv2] [D] [thread 9277] [30.0] [cxt 0] Transmitting packet of size 70 out of port 0
[21:04:14.164] [bmv2] [D] [thread 9272] [31.0] [cxt 0] Processing packet received on port 4
[21:04:14.164] [bmv2] [D] [thread 9272] [31.0] [cxt 0] Parser 'parser': start
[21:04:14.164] [bmv2] [D] [thread 9272] [31.0] [cxt 0] Parser 'parser' entering state 'start'
[21:04:14.164] [bmv2] [D] [thread 9272] [31.0] [cxt 0] Extracting header 'ethernet'
[21:04:14.164] [bmv2] [D] [thread 9272] [31.0] [cxt 0] Parser state 'start': key is 86dd
[21:04:14.164] [bmv2] [T] [thread 9272] [31.0] [cxt 0] Bytes parsed: 14
[21:04:14.164] [bmv2] [D] [thread 9272] [31.0] [cxt 0] Parser 'parser': end
[21:04:14.164] [bmv2] [D] [thread 9272] [31.0] [cxt 0] Pipeline 'ingress': start
[21:04:14.164] [bmv2] [T] [thread 9272] [31.0] [cxt 0] basic.p4(114) Condition "hdr.ipv4.isValid()" (node_2) is false
[21:04:14.164] [bmv2] [D] [thread 9272] [31.0] [cxt 0] Pipeline 'ingress': end
[21:04:14.164] [bmv2] [D] [thread 9272] [31.0] [cxt 0] Egress port is 0
[21:04:14.164] [bmv2] [D] [thread 9273] [31.0] [cxt 0] Pipeline 'egress': start
[21:04:14.164] [bmv2] [D] [thread 9273] [31.0] [cxt 0] Pipeline 'egress': end
[21:04:14.164] [bmv2] [D] [thread 9273] [31.0] [cxt 0] Deparser 'deparser': start
[21:04:14.164] [bmv2] [T] [thread 9273] [31.0] [cxt 0] Skipping checksum 'cksum' update because condition not met
[21:04:14.164] [bmv2] [D] [thread 9273] [31.0] [cxt 0] Deparsing header 'ethernet'
[21:04:14.164] [bmv2] [D] [thread 9273] [31.0] [cxt 0] Deparser 'deparser': end
[21:04:14.164] [bmv2] [D] [thread 9277] [31.0] [cxt 0] Transmitting packet of size 70 out of port 0
[21:04:14.924] [bmv2] [D] [thread 9272] [32.0] [cxt 0] Processing packet received on port 1
[21:04:14.924] [bmv2] [D] [thread 9272] [32.0] [cxt 0] Parser 'parser': start
[21:04:14.924] [bmv2] [D] [thread 9272] [32.0] [cxt 0] Parser 'parser' entering state 'start'
[21:04:14.924] [bmv2] [D] [thread 9272] [32.0] [cxt 0] Extracting header 'ethernet'
[21:04:14.924] [bmv2] [D] [thread 9272] [32.0] [cxt 0] Parser state 'start': key is 86dd
[21:04:14.924] [bmv2] [T] [thread 9272] [32.0] [cxt 0] Bytes parsed: 14
[21:04:14.924] [bmv2] [D] [thread 9272] [32.0] [cxt 0] Parser 'parser': end
[21:04:14.924] [bmv2] [D] [thread 9272] [32.0] [cxt 0] Pipeline 'ingress': start
[21:04:14.924] [bmv2] [T] [thread 9272] [32.0] [cxt 0] basic.p4(114) Condition "hdr.ipv4.isValid()" (node_2) is false
[21:04:14.924] [bmv2] [D] [thread 9272] [32.0] [cxt 0] Pipeline 'ingress': end
[21:04:14.924] [bmv2] [D] [thread 9272] [32.0] [cxt 0] Egress port is 0
[21:04:14.924] [bmv2] [D] [thread 9272] [33.0] [cxt 0] Processing packet received on port 2
[21:04:14.924] [bmv2] [D] [thread 9272] [33.0] [cxt 0] Parser 'parser': start
[21:04:14.924] [bmv2] [D] [thread 9272] [33.0] [cxt 0] Parser 'parser' entering state 'start'
[21:04:14.924] [bmv2] [D] [thread 9272] [33.0] [cxt 0] Extracting header 'ethernet'
[21:04:14.924] [bmv2] [D] [thread 9272] [33.0] [cxt 0] Parser state 'start': key is 86dd
[21:04:14.924] [bmv2] [T] [thread 9272] [33.0] [cxt 0] Bytes parsed: 14
[21:04:14.924] [bmv2] [D] [thread 9272] [33.0] [cxt 0] Parser 'parser': end
[21:04:14.924] [bmv2] [D] [thread 9272] [33.0] [cxt 0] Pipeline 'ingress': start
[21:04:14.924] [bmv2] [T] [thread 9272] [33.0] [cxt 0] basic.p4(114) Condition "hdr.ipv4.isValid()" (node_2) is false
[21:04:14.924] [bmv2] [D] [thread 9272] [33.0] [cxt 0] Pipeline 'ingress': end
[21:04:14.924] [bmv2] [D] [thread 9272] [33.0] [cxt 0] Egress port is 0
[21:04:14.924] [bmv2] [D] [thread 9273] [32.0] [cxt 0] Pipeline 'egress': start
[21:04:14.924] [bmv2] [D] [thread 9273] [32.0] [cxt 0] Pipeline 'egress': end
[21:04:14.924] [bmv2] [D] [thread 9273] [32.0] [cxt 0] Deparser 'deparser': start
[21:04:14.924] [bmv2] [T] [thread 9273] [32.0] [cxt 0] Skipping checksum 'cksum' update because condition not met
[21:04:14.924] [bmv2] [D] [thread 9273] [32.0] [cxt 0] Deparsing header 'ethernet'
[21:04:14.924] [bmv2] [D] [thread 9273] [32.0] [cxt 0] Deparser 'deparser': end
[21:04:14.924] [bmv2] [D] [thread 9273] [33.0] [cxt 0] Pipeline 'egress': start
[21:04:14.924] [bmv2] [D] [thread 9273] [33.0] [cxt 0] Pipeline 'egress': end
[21:04:14.924] [bmv2] [D] [thread 9273] [33.0] [cxt 0] Deparser 'deparser': start
[21:04:14.924] [bmv2] [T] [thread 9273] [33.0] [cxt 0] Skipping checksum 'cksum' update because condition not met
[21:04:14.924] [bmv2] [D] [thread 9273] [33.0] [cxt 0] Deparsing header 'ethernet'
[21:04:14.924] [bmv2] [D] [thread 9273] [33.0] [cxt 0] Deparser 'deparser': end
[21:04:14.924] [bmv2] [D] [thread 9277] [32.0] [cxt 0] Transmitting packet of size 70 out of port 0
[21:04:14.924] [bmv2] [D] [thread 9277] [33.0] [cxt 0] Transmitting packet of size 70 out of port 0
[21:04:16.985] [bmv2] [D] [thread 9272] [34.0] [cxt 0] Processing packet received on port 3
[21:04:16.985] [bmv2] [D] [thread 9272] [34.0] [cxt 0] Parser 'parser': start
[21:04:16.985] [bmv2] [D] [thread 9272] [34.0] [cxt 0] Parser 'parser' entering state 'start'
[21:04:16.985] [bmv2] [D] [thread 9272] [34.0] [cxt 0] Extracting header 'ethernet'
[21:04:16.985] [bmv2] [D] [thread 9272] [34.0] [cxt 0] Parser state 'start': key is 86dd
[21:04:16.985] [bmv2] [T] [thread 9272] [34.0] [cxt 0] Bytes parsed: 14
[21:04:16.985] [bmv2] [D] [thread 9272] [34.0] [cxt 0] Parser 'parser': end
[21:04:16.985] [bmv2] [D] [thread 9272] [34.0] [cxt 0] Pipeline 'ingress': start
[21:04:16.985] [bmv2] [T] [thread 9272] [34.0] [cxt 0] basic.p4(114) Condition "hdr.ipv4.isValid()" (node_2) is false
[21:04:16.985] [bmv2] [D] [thread 9272] [34.0] [cxt 0] Pipeline 'ingress': end
[21:04:16.985] [bmv2] [D] [thread 9272] [34.0] [cxt 0] Egress port is 0
[21:04:16.985] [bmv2] [D] [thread 9272] [35.0] [cxt 0] Processing packet received on port 4
[21:04:16.985] [bmv2] [D] [thread 9272] [35.0] [cxt 0] Parser 'parser': start
[21:04:16.985] [bmv2] [D] [thread 9272] [35.0] [cxt 0] Parser 'parser' entering state 'start'
[21:04:16.985] [bmv2] [D] [thread 9272] [35.0] [cxt 0] Extracting header 'ethernet'
[21:04:16.985] [bmv2] [D] [thread 9272] [35.0] [cxt 0] Parser state 'start': key is 86dd
[21:04:16.985] [bmv2] [T] [thread 9272] [35.0] [cxt 0] Bytes parsed: 14
[21:04:16.985] [bmv2] [D] [thread 9272] [35.0] [cxt 0] Parser 'parser': end
[21:04:16.985] [bmv2] [D] [thread 9272] [35.0] [cxt 0] Pipeline 'ingress': start
[21:04:16.985] [bmv2] [T] [thread 9272] [35.0] [cxt 0] basic.p4(114) Condition "hdr.ipv4.isValid()" (node_2) is false
[21:04:16.985] [bmv2] [D] [thread 9272] [35.0] [cxt 0] Pipeline 'ingress': end
[21:04:16.985] [bmv2] [D] [thread 9272] [35.0] [cxt 0] Egress port is 0
[21:04:16.985] [bmv2] [D] [thread 9272] [36.0] [cxt 0] Processing packet received on port 3
[21:04:16.985] [bmv2] [D] [thread 9272] [36.0] [cxt 0] Parser 'parser': start
[21:04:16.985] [bmv2] [D] [thread 9272] [36.0] [cxt 0] Parser 'parser' entering state 'start'
[21:04:16.985] [bmv2] [D] [thread 9272] [36.0] [cxt 0] Extracting header 'ethernet'
[21:04:16.985] [bmv2] [D] [thread 9272] [36.0] [cxt 0] Parser state 'start': key is 86dd
[21:04:16.985] [bmv2] [T] [thread 9272] [36.0] [cxt 0] Bytes parsed: 14
[21:04:16.985] [bmv2] [D] [thread 9272] [36.0] [cxt 0] Parser 'parser': end
[21:04:16.985] [bmv2] [D] [thread 9272] [36.0] [cxt 0] Pipeline 'ingress': start
[21:04:16.985] [bmv2] [T] [thread 9272] [36.0] [cxt 0] basic.p4(114) Condition "hdr.ipv4.isValid()" (node_2) is false
[21:04:16.985] [bmv2] [D] [thread 9272] [36.0] [cxt 0] Pipeline 'ingress': end
[21:04:16.985] [bmv2] [D] [thread 9272] [36.0] [cxt 0] Egress port is 0
[21:04:16.985] [bmv2] [D] [thread 9273] [34.0] [cxt 0] Pipeline 'egress': start
[21:04:16.985] [bmv2] [D] [thread 9273] [34.0] [cxt 0] Pipeline 'egress': end
[21:04:16.985] [bmv2] [D] [thread 9273] [34.0] [cxt 0] Deparser 'deparser': start
[21:04:16.985] [bmv2] [T] [thread 9273] [34.0] [cxt 0] Skipping checksum 'cksum' update because condition not met
[21:04:16.985] [bmv2] [D] [thread 9273] [34.0] [cxt 0] Deparsing header 'ethernet'
[21:04:16.985] [bmv2] [D] [thread 9273] [34.0] [cxt 0] Deparser 'deparser': end
[21:04:16.985] [bmv2] [D] [thread 9273] [35.0] [cxt 0] Pipeline 'egress': start
[21:04:16.985] [bmv2] [D] [thread 9273] [35.0] [cxt 0] Pipeline 'egress': end
[21:04:16.985] [bmv2] [D] [thread 9273] [35.0] [cxt 0] Deparser 'deparser': start
[21:04:16.985] [bmv2] [T] [thread 9273] [35.0] [cxt 0] Skipping checksum 'cksum' update because condition not met
[21:04:16.985] [bmv2] [D] [thread 9273] [35.0] [cxt 0] Deparsing header 'ethernet'
[21:04:16.985] [bmv2] [D] [thread 9273] [35.0] [cxt 0] Deparser 'deparser': end
[21:04:16.985] [bmv2] [D] [thread 9273] [36.0] [cxt 0] Pipeline 'egress': start
[21:04:16.985] [bmv2] [D] [thread 9273] [36.0] [cxt 0] Pipeline 'egress': end
[21:04:16.985] [bmv2] [D] [thread 9273] [36.0] [cxt 0] Deparser 'deparser': start
[21:04:16.985] [bmv2] [T] [thread 9273] [36.0] [cxt 0] Skipping checksum 'cksum' update because condition not met
[21:04:16.985] [bmv2] [D] [thread 9273] [36.0] [cxt 0] Deparsing header 'ethernet'
[21:04:16.985] [bmv2] [D] [thread 9273] [36.0] [cxt 0] Deparser 'deparser': end
[21:04:16.985] [bmv2] [D] [thread 9277] [34.0] [cxt 0] Transmitting packet of size 70 out of port 0
[21:04:16.985] [bmv2] [D] [thread 9277] [35.0] [cxt 0] Transmitting packet of size 70 out of port 0
[21:04:16.985] [bmv2] [D] [thread 9277] [36.0] [cxt 0] Transmitting packet of size 70 out of port 0
[21:04:45.640] [bmv2] [D] [thread 9272] [37.0] [cxt 0] Processing packet received on port 4
[21:04:45.640] [bmv2] [D] [thread 9272] [37.0] [cxt 0] Parser 'parser': start
[21:04:45.640] [bmv2] [D] [thread 9272] [37.0] [cxt 0] Parser 'parser' entering state 'start'
[21:04:45.640] [bmv2] [D] [thread 9272] [37.0] [cxt 0] Extracting header 'ethernet'
[21:04:45.640] [bmv2] [D] [thread 9272] [37.0] [cxt 0] Parser state 'start': key is 86dd
[21:04:45.640] [bmv2] [T] [thread 9272] [37.0] [cxt 0] Bytes parsed: 14
[21:04:45.640] [bmv2] [D] [thread 9272] [37.0] [cxt 0] Parser 'parser': end
[21:04:45.640] [bmv2] [D] [thread 9272] [37.0] [cxt 0] Pipeline 'ingress': start
[21:04:45.640] [bmv2] [T] [thread 9272] [37.0] [cxt 0] basic.p4(114) Condition "hdr.ipv4.isValid()" (node_2) is false
[21:04:45.640] [bmv2] [D] [thread 9272] [37.0] [cxt 0] Pipeline 'ingress': end
[21:04:45.640] [bmv2] [D] [thread 9272] [37.0] [cxt 0] Egress port is 0
[21:04:45.640] [bmv2] [D] [thread 9273] [37.0] [cxt 0] Pipeline 'egress': start
[21:04:45.640] [bmv2] [D] [thread 9273] [37.0] [cxt 0] Pipeline 'egress': end
[21:04:45.641] [bmv2] [D] [thread 9273] [37.0] [cxt 0] Deparser 'deparser': start
[21:04:45.641] [bmv2] [T] [thread 9273] [37.0] [cxt 0] Skipping checksum 'cksum' update because condition not met
[21:04:45.641] [bmv2] [D] [thread 9273] [37.0] [cxt 0] Deparsing header 'ethernet'
[21:04:45.641] [bmv2] [D] [thread 9273] [37.0] [cxt 0] Deparser 'deparser': end
[21:04:45.641] [bmv2] [D] [thread 9277] [37.0] [cxt 0] Transmitting packet of size 70 out of port 0
[21:04:49.735] [bmv2] [D] [thread 9272] [38.0] [cxt 0] Processing packet received on port 1
[21:04:49.735] [bmv2] [D] [thread 9272] [38.0] [cxt 0] Parser 'parser': start
[21:04:49.735] [bmv2] [D] [thread 9272] [38.0] [cxt 0] Parser 'parser' entering state 'start'
[21:04:49.735] [bmv2] [D] [thread 9272] [38.0] [cxt 0] Extracting header 'ethernet'
[21:04:49.735] [bmv2] [D] [thread 9272] [38.0] [cxt 0] Parser state 'start': key is 86dd
[21:04:49.735] [bmv2] [T] [thread 9272] [38.0] [cxt 0] Bytes parsed: 14
[21:04:49.735] [bmv2] [D] [thread 9272] [38.0] [cxt 0] Parser 'parser': end
[21:04:49.735] [bmv2] [D] [thread 9272] [38.0] [cxt 0] Pipeline 'ingress': start
[21:04:49.735] [bmv2] [T] [thread 9272] [38.0] [cxt 0] basic.p4(114) Condition "hdr.ipv4.isValid()" (node_2) is false
[21:04:49.735] [bmv2] [D] [thread 9272] [38.0] [cxt 0] Pipeline 'ingress': end
[21:04:49.735] [bmv2] [D] [thread 9272] [38.0] [cxt 0] Egress port is 0
[21:04:49.735] [bmv2] [D] [thread 9272] [39.0] [cxt 0] Processing packet received on port 2
[21:04:49.736] [bmv2] [D] [thread 9272] [39.0] [cxt 0] Parser 'parser': start
[21:04:49.736] [bmv2] [D] [thread 9272] [39.0] [cxt 0] Parser 'parser' entering state 'start'
[21:04:49.736] [bmv2] [D] [thread 9272] [39.0] [cxt 0] Extracting header 'ethernet'
[21:04:49.736] [bmv2] [D] [thread 9272] [39.0] [cxt 0] Parser state 'start': key is 86dd
[21:04:49.736] [bmv2] [T] [thread 9272] [39.0] [cxt 0] Bytes parsed: 14
[21:04:49.736] [bmv2] [D] [thread 9272] [39.0] [cxt 0] Parser 'parser': end
[21:04:49.736] [bmv2] [D] [thread 9273] [38.0] [cxt 0] Pipeline 'egress': start
[21:04:49.736] [bmv2] [D] [thread 9273] [38.0] [cxt 0] Pipeline 'egress': end
[21:04:49.736] [bmv2] [D] [thread 9272] [39.0] [cxt 0] Pipeline 'ingress': start
[21:04:49.736] [bmv2] [T] [thread 9272] [39.0] [cxt 0] basic.p4(114) Condition "hdr.ipv4.isValid()" (node_2) is false
[21:04:49.736] [bmv2] [D] [thread 9272] [39.0] [cxt 0] Pipeline 'ingress': end
[21:04:49.736] [bmv2] [D] [thread 9272] [39.0] [cxt 0] Egress port is 0
[21:04:49.736] [bmv2] [D] [thread 9273] [38.0] [cxt 0] Deparser 'deparser': start
[21:04:49.736] [bmv2] [T] [thread 9273] [38.0] [cxt 0] Skipping checksum 'cksum' update because condition not met
[21:04:49.736] [bmv2] [D] [thread 9273] [38.0] [cxt 0] Deparsing header 'ethernet'
[21:04:49.736] [bmv2] [D] [thread 9273] [38.0] [cxt 0] Deparser 'deparser': end
[21:04:49.736] [bmv2] [D] [thread 9273] [39.0] [cxt 0] Pipeline 'egress': start
[21:04:49.736] [bmv2] [D] [thread 9273] [39.0] [cxt 0] Pipeline 'egress': end
[21:04:49.736] [bmv2] [D] [thread 9273] [39.0] [cxt 0] Deparser 'deparser': start
[21:04:49.736] [bmv2] [T] [thread 9273] [39.0] [cxt 0] Skipping checksum 'cksum' update because condition not met
[21:04:49.736] [bmv2] [D] [thread 9273] [39.0] [cxt 0] Deparsing header 'ethernet'
[21:04:49.736] [bmv2] [D] [thread 9273] [39.0] [cxt 0] Deparser 'deparser': end
[21:04:49.736] [bmv2] [D] [thread 9277] [38.0] [cxt 0] Transmitting packet of size 70 out of port 0
[21:04:49.736] [bmv2] [D] [thread 9277] [39.0] [cxt 0] Transmitting packet of size 70 out of port 0
[21:04:51.784] [bmv2] [D] [thread 9272] [40.0] [cxt 0] Processing packet received on port 3
[21:04:51.784] [bmv2] [D] [thread 9272] [40.0] [cxt 0] Parser 'parser': start
[21:04:51.784] [bmv2] [D] [thread 9272] [40.0] [cxt 0] Parser 'parser' entering state 'start'
[21:04:51.784] [bmv2] [D] [thread 9272] [40.0] [cxt 0] Extracting header 'ethernet'
[21:04:51.784] [bmv2] [D] [thread 9272] [40.0] [cxt 0] Parser state 'start': key is 86dd
[21:04:51.784] [bmv2] [T] [thread 9272] [40.0] [cxt 0] Bytes parsed: 14
[21:04:51.784] [bmv2] [D] [thread 9272] [40.0] [cxt 0] Parser 'parser': end
[21:04:51.784] [bmv2] [D] [thread 9272] [40.0] [cxt 0] Pipeline 'ingress': start
[21:04:51.784] [bmv2] [T] [thread 9272] [40.0] [cxt 0] basic.p4(114) Condition "hdr.ipv4.isValid()" (node_2) is false
[21:04:51.784] [bmv2] [D] [thread 9272] [40.0] [cxt 0] Pipeline 'ingress': end
[21:04:51.784] [bmv2] [D] [thread 9272] [40.0] [cxt 0] Egress port is 0
[21:04:51.784] [bmv2] [D] [thread 9272] [41.0] [cxt 0] Processing packet received on port 4
[21:04:51.784] [bmv2] [D] [thread 9272] [41.0] [cxt 0] Parser 'parser': start
[21:04:51.784] [bmv2] [D] [thread 9272] [41.0] [cxt 0] Parser 'parser' entering state 'start'
[21:04:51.784] [bmv2] [D] [thread 9272] [41.0] [cxt 0] Extracting header 'ethernet'
[21:04:51.784] [bmv2] [D] [thread 9272] [41.0] [cxt 0] Parser state 'start': key is 86dd
[21:04:51.784] [bmv2] [T] [thread 9272] [41.0] [cxt 0] Bytes parsed: 14
[21:04:51.784] [bmv2] [D] [thread 9272] [41.0] [cxt 0] Parser 'parser': end
[21:04:51.784] [bmv2] [D] [thread 9272] [41.0] [cxt 0] Pipeline 'ingress': start
[21:04:51.784] [bmv2] [T] [thread 9272] [41.0] [cxt 0] basic.p4(114) Condition "hdr.ipv4.isValid()" (node_2) is false
[21:04:51.784] [bmv2] [D] [thread 9272] [41.0] [cxt 0] Pipeline 'ingress': end
[21:04:51.784] [bmv2] [D] [thread 9272] [41.0] [cxt 0] Egress port is 0
[21:04:51.785] [bmv2] [D] [thread 9273] [40.0] [cxt 0] Pipeline 'egress': start
[21:04:51.785] [bmv2] [D] [thread 9273] [40.0] [cxt 0] Pipeline 'egress': end
[21:04:51.785] [bmv2] [D] [thread 9273] [40.0] [cxt 0] Deparser 'deparser': start
[21:04:51.785] [bmv2] [T] [thread 9273] [40.0] [cxt 0] Skipping checksum 'cksum' update because condition not met
[21:04:51.785] [bmv2] [D] [thread 9273] [40.0] [cxt 0] Deparsing header 'ethernet'
[21:04:51.785] [bmv2] [D] [thread 9273] [40.0] [cxt 0] Deparser 'deparser': end
[21:04:51.785] [bmv2] [D] [thread 9273] [41.0] [cxt 0] Pipeline 'egress': start
[21:04:51.785] [bmv2] [D] [thread 9273] [41.0] [cxt 0] Pipeline 'egress': end
[21:04:51.785] [bmv2] [D] [thread 9273] [41.0] [cxt 0] Deparser 'deparser': start
[21:04:51.785] [bmv2] [T] [thread 9273] [41.0] [cxt 0] Skipping checksum 'cksum' update because condition not met
[21:04:51.785] [bmv2] [D] [thread 9273] [41.0] [cxt 0] Deparsing header 'ethernet'
[21:04:51.785] [bmv2] [D] [thread 9273] [41.0] [cxt 0] Deparser 'deparser': end
[21:04:51.785] [bmv2] [D] [thread 9277] [40.0] [cxt 0] Transmitting packet of size 70 out of port 0
[21:04:51.785] [bmv2] [D] [thread 9277] [41.0] [cxt 0] Transmitting packet of size 70 out of port 0
[21:04:53.832] [bmv2] [D] [thread 9272] [42.0] [cxt 0] Processing packet received on port 3
[21:04:53.832] [bmv2] [D] [thread 9272] [42.0] [cxt 0] Parser 'parser': start
[21:04:53.832] [bmv2] [D] [thread 9272] [42.0] [cxt 0] Parser 'parser' entering state 'start'
[21:04:53.832] [bmv2] [D] [thread 9272] [42.0] [cxt 0] Extracting header 'ethernet'
[21:04:53.832] [bmv2] [D] [thread 9272] [42.0] [cxt 0] Parser state 'start': key is 86dd
[21:04:53.832] [bmv2] [T] [thread 9272] [42.0] [cxt 0] Bytes parsed: 14
[21:04:53.832] [bmv2] [D] [thread 9272] [42.0] [cxt 0] Parser 'parser': end
[21:04:53.832] [bmv2] [D] [thread 9272] [42.0] [cxt 0] Pipeline 'ingress': start
[21:04:53.832] [bmv2] [T] [thread 9272] [42.0] [cxt 0] basic.p4(114) Condition "hdr.ipv4.isValid()" (node_2) is false
[21:04:53.832] [bmv2] [D] [thread 9272] [42.0] [cxt 0] Pipeline 'ingress': end
[21:04:53.832] [bmv2] [D] [thread 9272] [42.0] [cxt 0] Egress port is 0
[21:04:53.832] [bmv2] [D] [thread 9273] [42.0] [cxt 0] Pipeline 'egress': start
[21:04:53.832] [bmv2] [D] [thread 9273] [42.0] [cxt 0] Pipeline 'egress': end
[21:04:53.832] [bmv2] [D] [thread 9273] [42.0] [cxt 0] Deparser 'deparser': start
[21:04:53.832] [bmv2] [T] [thread 9273] [42.0] [cxt 0] Skipping checksum 'cksum' update because condition not met
[21:04:53.832] [bmv2] [D] [thread 9273] [42.0] [cxt 0] Deparsing header 'ethernet'
[21:04:53.832] [bmv2] [D] [thread 9273] [42.0] [cxt 0] Deparser 'deparser': end
[21:04:53.832] [bmv2] [D] [thread 9277] [42.0] [cxt 0] Transmitting packet of size 70 out of port 0
open: No such file or directory
open: No such file or directory
open: No such file or directory
open: No such file or directory
open: No such file or directory
