Calling target program-options parser
[21:03:45.367] [bmv2] [D] [thread 9284] Set default default entry for table 'MyIngress.ipv4_lpm': MyIngress.drop - 
Adding interface s3-eth1 as port 1
[21:03:45.367] [bmv2] [D] [thread 9284] Adding interface s3-eth1 as port 1
Adding interface s3-eth2 as port 2
[21:03:45.395] [bmv2] [D] [thread 9284] Adding interface s3-eth2 as port 2
Server listening on 0.0.0.0:50053
[21:03:45.432] [bmv2] [I] [thread 9284] Starting Thrift server on port 9092
[21:03:45.433] [bmv2] [I] [thread 9284] Thrift server was started
[21:03:45.579] [bmv2] [D] [thread 9295] [0.0] [cxt 0] Processing packet received on port 1
[21:03:45.579] [bmv2] [D] [thread 9295] [0.0] [cxt 0] Parser 'parser': start
[21:03:45.579] [bmv2] [D] [thread 9295] [0.0] [cxt 0] Parser 'parser' entering state 'start'
[21:03:45.579] [bmv2] [D] [thread 9295] [0.0] [cxt 0] Extracting header 'ethernet'
[21:03:45.579] [bmv2] [D] [thread 9295] [0.0] [cxt 0] Parser state 'start': key is 86dd
[21:03:45.579] [bmv2] [T] [thread 9295] [0.0] [cxt 0] Bytes parsed: 14
[21:03:45.579] [bmv2] [D] [thread 9295] [0.0] [cxt 0] Parser 'parser': end
[21:03:45.579] [bmv2] [D] [thread 9295] [0.0] [cxt 0] Pipeline 'ingress': start
[21:03:45.579] [bmv2] [T] [thread 9295] [0.0] [cxt 0] basic.p4(114) Condition "hdr.ipv4.isValid()" (node_2) is false
[21:03:45.579] [bmv2] [D] [thread 9295] [0.0] [cxt 0] Pipeline 'ingress': end
[21:03:45.579] [bmv2] [D] [thread 9295] [0.0] [cxt 0] Egress port is 0
[21:03:45.579] [bmv2] [D] [thread 9295] [1.0] [cxt 0] Processing packet received on port 1
[21:03:45.579] [bmv2] [D] [thread 9295] [1.0] [cxt 0] Parser 'parser': start
[21:03:45.579] [bmv2] [D] [thread 9295] [1.0] [cxt 0] Parser 'parser' entering state 'start'
[21:03:45.579] [bmv2] [D] [thread 9295] [1.0] [cxt 0] Extracting header 'ethernet'
[21:03:45.579] [bmv2] [D] [thread 9295] [1.0] [cxt 0] Parser state 'start': key is 86dd
[21:03:45.579] [bmv2] [T] [thread 9295] [1.0] [cxt 0] Bytes parsed: 14
[21:03:45.579] [bmv2] [D] [thread 9295] [1.0] [cxt 0] Parser 'parser': end
[21:03:45.579] [bmv2] [D] [thread 9295] [1.0] [cxt 0] Pipeline 'ingress': start
[21:03:45.579] [bmv2] [T] [thread 9295] [1.0] [cxt 0] basic.p4(114) Condition "hdr.ipv4.isValid()" (node_2) is false
[21:03:45.579] [bmv2] [D] [thread 9295] [1.0] [cxt 0] Pipeline 'ingress': end
[21:03:45.579] [bmv2] [D] [thread 9295] [1.0] [cxt 0] Egress port is 0
[21:03:45.580] [bmv2] [D] [thread 9296] [0.0] [cxt 0] Pipeline 'egress': start
[21:03:45.580] [bmv2] [D] [thread 9296] [0.0] [cxt 0] Pipeline 'egress': end
[21:03:45.580] [bmv2] [D] [thread 9296] [0.0] [cxt 0] Deparser 'deparser': start
[21:03:45.580] [bmv2] [T] [thread 9296] [0.0] [cxt 0] Skipping checksum 'cksum' update because condition not met
[21:03:45.580] [bmv2] [D] [thread 9296] [0.0] [cxt 0] Deparsing header 'ethernet'
[21:03:45.580] [bmv2] [D] [thread 9296] [0.0] [cxt 0] Deparser 'deparser': end
[21:03:45.580] [bmv2] [D] [thread 9296] [1.0] [cxt 0] Pipeline 'egress': start
[21:03:45.580] [bmv2] [D] [thread 9296] [1.0] [cxt 0] Pipeline 'egress': end
[21:03:45.580] [bmv2] [D] [thread 9296] [1.0] [cxt 0] Deparser 'deparser': start
[21:03:45.580] [bmv2] [T] [thread 9296] [1.0] [cxt 0] Skipping checksum 'cksum' update because condition not met
[21:03:45.580] [bmv2] [D] [thread 9296] [1.0] [cxt 0] Deparsing header 'ethernet'
[21:03:45.580] [bmv2] [D] [thread 9296] [1.0] [cxt 0] Deparser 'deparser': end
[21:03:45.580] [bmv2] [D] [thread 9300] [0.0] [cxt 0] Transmitting packet of size 90 out of port 0
[21:03:45.580] [bmv2] [D] [thread 9300] [1.0] [cxt 0] Transmitting packet of size 70 out of port 0
[21:03:45.702] [bmv2] [D] [thread 9295] [2.0] [cxt 0] Processing packet received on port 1
[21:03:45.702] [bmv2] [D] [thread 9295] [2.0] [cxt 0] Parser 'parser': start
[21:03:45.702] [bmv2] [D] [thread 9295] [2.0] [cxt 0] Parser 'parser' entering state 'start'
[21:03:45.702] [bmv2] [D] [thread 9295] [2.0] [cxt 0] Extracting header 'ethernet'
[21:03:45.702] [bmv2] [D] [thread 9295] [2.0] [cxt 0] Parser state 'start': key is 86dd
[21:03:45.702] [bmv2] [T] [thread 9295] [2.0] [cxt 0] Bytes parsed: 14
[21:03:45.702] [bmv2] [D] [thread 9295] [2.0] [cxt 0] Parser 'parser': end
[21:03:45.702] [bmv2] [D] [thread 9295] [2.0] [cxt 0] Pipeline 'ingress': start
[21:03:45.702] [bmv2] [T] [thread 9295] [2.0] [cxt 0] basic.p4(114) Condition "hdr.ipv4.isValid()" (node_2) is false
[21:03:45.702] [bmv2] [D] [thread 9295] [2.0] [cxt 0] Pipeline 'ingress': end
[21:03:45.702] [bmv2] [D] [thread 9295] [2.0] [cxt 0] Egress port is 0
[21:03:45.702] [bmv2] [D] [thread 9296] [2.0] [cxt 0] Pipeline 'egress': start
[21:03:45.702] [bmv2] [D] [thread 9296] [2.0] [cxt 0] Pipeline 'egress': end
[21:03:45.702] [bmv2] [D] [thread 9296] [2.0] [cxt 0] Deparser 'deparser': start
[21:03:45.702] [bmv2] [T] [thread 9296] [2.0] [cxt 0] Skipping checksum 'cksum' update because condition not met
[21:03:45.702] [bmv2] [D] [thread 9296] [2.0] [cxt 0] Deparsing header 'ethernet'
[21:03:45.702] [bmv2] [D] [thread 9296] [2.0] [cxt 0] Deparser 'deparser': end
[21:03:45.702] [bmv2] [D] [thread 9300] [2.0] [cxt 0] Transmitting packet of size 90 out of port 0
[21:03:45.710] [bmv2] [D] [thread 9295] [3.0] [cxt 0] Processing packet received on port 2
[21:03:45.710] [bmv2] [D] [thread 9295] [3.0] [cxt 0] Parser 'parser': start
[21:03:45.710] [bmv2] [D] [thread 9295] [3.0] [cxt 0] Parser 'parser' entering state 'start'
[21:03:45.710] [bmv2] [D] [thread 9295] [3.0] [cxt 0] Extracting header 'ethernet'
[21:03:45.710] [bmv2] [D] [thread 9295] [3.0] [cxt 0] Parser state 'start': key is 86dd
[21:03:45.710] [bmv2] [T] [thread 9295] [3.0] [cxt 0] Bytes parsed: 14
[21:03:45.710] [bmv2] [D] [thread 9295] [3.0] [cxt 0] Parser 'parser': end
[21:03:45.710] [bmv2] [D] [thread 9295] [3.0] [cxt 0] Pipeline 'ingress': start
[21:03:45.710] [bmv2] [T] [thread 9295] [3.0] [cxt 0] basic.p4(114) Condition "hdr.ipv4.isValid()" (node_2) is false
[21:03:45.710] [bmv2] [D] [thread 9295] [3.0] [cxt 0] Pipeline 'ingress': end
[21:03:45.710] [bmv2] [D] [thread 9295] [3.0] [cxt 0] Egress port is 0
[21:03:45.710] [bmv2] [D] [thread 9295] [4.0] [cxt 0] Processing packet received on port 2
[21:03:45.710] [bmv2] [D] [thread 9295] [4.0] [cxt 0] Parser 'parser': start
[21:03:45.710] [bmv2] [D] [thread 9295] [4.0] [cxt 0] Parser 'parser' entering state 'start'
[21:03:45.710] [bmv2] [D] [thread 9295] [4.0] [cxt 0] Extracting header 'ethernet'
[21:03:45.710] [bmv2] [D] [thread 9295] [4.0] [cxt 0] Parser state 'start': key is 86dd
[21:03:45.710] [bmv2] [T] [thread 9295] [4.0] [cxt 0] Bytes parsed: 14
[21:03:45.710] [bmv2] [D] [thread 9295] [4.0] [cxt 0] Parser 'parser': end
[21:03:45.710] [bmv2] [D] [thread 9295] [4.0] [cxt 0] Pipeline 'ingress': start
[21:03:45.710] [bmv2] [T] [thread 9295] [4.0] [cxt 0] basic.p4(114) Condition "hdr.ipv4.isValid()" (node_2) is false
[21:03:45.710] [bmv2] [D] [thread 9295] [4.0] [cxt 0] Pipeline 'ingress': end
[21:03:45.710] [bmv2] [D] [thread 9295] [4.0] [cxt 0] Egress port is 0
[21:03:45.710] [bmv2] [D] [thread 9296] [3.0] [cxt 0] Pipeline 'egress': start
[21:03:45.710] [bmv2] [D] [thread 9296] [3.0] [cxt 0] Pipeline 'egress': end
[21:03:45.710] [bmv2] [D] [thread 9296] [3.0] [cxt 0] Deparser 'deparser': start
[21:03:45.710] [bmv2] [T] [thread 9296] [3.0] [cxt 0] Skipping checksum 'cksum' update because condition not met
[21:03:45.710] [bmv2] [D] [thread 9296] [3.0] [cxt 0] Deparsing header 'ethernet'
[21:03:45.710] [bmv2] [D] [thread 9296] [3.0] [cxt 0] Deparser 'deparser': end
[21:03:45.710] [bmv2] [D] [thread 9296] [4.0] [cxt 0] Pipeline 'egress': start
[21:03:45.710] [bmv2] [D] [thread 9296] [4.0] [cxt 0] Pipeline 'egress': end
[21:03:45.710] [bmv2] [D] [thread 9296] [4.0] [cxt 0] Deparser 'deparser': start
[21:03:45.710] [bmv2] [T] [thread 9296] [4.0] [cxt 0] Skipping checksum 'cksum' update because condition not met
[21:03:45.710] [bmv2] [D] [thread 9296] [4.0] [cxt 0] Deparsing header 'ethernet'
[21:03:45.710] [bmv2] [D] [thread 9296] [4.0] [cxt 0] Deparser 'deparser': end
[21:03:45.710] [bmv2] [D] [thread 9300] [3.0] [cxt 0] Transmitting packet of size 90 out of port 0
[21:03:45.710] [bmv2] [D] [thread 9300] [4.0] [cxt 0] Transmitting packet of size 70 out of port 0
[21:03:45.954] [bmv2] [D] [thread 9295] [5.0] [cxt 0] Processing packet received on port 2
[21:03:45.954] [bmv2] [D] [thread 9295] [5.0] [cxt 0] Parser 'parser': start
[21:03:45.954] [bmv2] [D] [thread 9295] [5.0] [cxt 0] Parser 'parser' entering state 'start'
[21:03:45.954] [bmv2] [D] [thread 9295] [5.0] [cxt 0] Extracting header 'ethernet'
[21:03:45.954] [bmv2] [D] [thread 9295] [5.0] [cxt 0] Parser state 'start': key is 86dd
[21:03:45.954] [bmv2] [T] [thread 9295] [5.0] [cxt 0] Bytes parsed: 14
[21:03:45.954] [bmv2] [D] [thread 9295] [5.0] [cxt 0] Parser 'parser': end
[21:03:45.954] [bmv2] [D] [thread 9295] [5.0] [cxt 0] Pipeline 'ingress': start
[21:03:45.954] [bmv2] [T] [thread 9295] [5.0] [cxt 0] basic.p4(114) Condition "hdr.ipv4.isValid()" (node_2) is false
[21:03:45.954] [bmv2] [D] [thread 9295] [5.0] [cxt 0] Pipeline 'ingress': end
[21:03:45.954] [bmv2] [D] [thread 9295] [5.0] [cxt 0] Egress port is 0
[21:03:45.954] [bmv2] [D] [thread 9296] [5.0] [cxt 0] Pipeline 'egress': start
[21:03:45.954] [bmv2] [D] [thread 9296] [5.0] [cxt 0] Pipeline 'egress': end
[21:03:45.954] [bmv2] [D] [thread 9296] [5.0] [cxt 0] Deparser 'deparser': start
[21:03:45.954] [bmv2] [T] [thread 9296] [5.0] [cxt 0] Skipping checksum 'cksum' update because condition not met
[21:03:45.955] [bmv2] [D] [thread 9296] [5.0] [cxt 0] Deparsing header 'ethernet'
[21:03:45.955] [bmv2] [D] [thread 9296] [5.0] [cxt 0] Deparser 'deparser': end
[21:03:45.955] [bmv2] [D] [thread 9300] [5.0] [cxt 0] Transmitting packet of size 90 out of port 0
[21:03:46.064] [bmv2] [D] [thread 9295] [6.0] [cxt 0] Processing packet received on port 2
[21:03:46.064] [bmv2] [D] [thread 9295] [6.0] [cxt 0] Parser 'parser': start
[21:03:46.064] [bmv2] [D] [thread 9295] [6.0] [cxt 0] Parser 'parser' entering state 'start'
[21:03:46.064] [bmv2] [D] [thread 9295] [6.0] [cxt 0] Extracting header 'ethernet'
[21:03:46.064] [bmv2] [D] [thread 9295] [6.0] [cxt 0] Parser state 'start': key is 86dd
[21:03:46.064] [bmv2] [T] [thread 9295] [6.0] [cxt 0] Bytes parsed: 14
[21:03:46.064] [bmv2] [D] [thread 9295] [6.0] [cxt 0] Parser 'parser': end
[21:03:46.064] [bmv2] [D] [thread 9295] [6.0] [cxt 0] Pipeline 'ingress': start
[21:03:46.064] [bmv2] [T] [thread 9295] [6.0] [cxt 0] basic.p4(114) Condition "hdr.ipv4.isValid()" (node_2) is false
[21:03:46.064] [bmv2] [D] [thread 9295] [6.0] [cxt 0] Pipeline 'ingress': end
[21:03:46.064] [bmv2] [D] [thread 9295] [6.0] [cxt 0] Egress port is 0
[21:03:46.064] [bmv2] [D] [thread 9296] [6.0] [cxt 0] Pipeline 'egress': start
[21:03:46.064] [bmv2] [D] [thread 9296] [6.0] [cxt 0] Pipeline 'egress': end
[21:03:46.064] [bmv2] [D] [thread 9296] [6.0] [cxt 0] Deparser 'deparser': start
[21:03:46.064] [bmv2] [T] [thread 9296] [6.0] [cxt 0] Skipping checksum 'cksum' update because condition not met
[21:03:46.064] [bmv2] [D] [thread 9296] [6.0] [cxt 0] Deparsing header 'ethernet'
[21:03:46.064] [bmv2] [D] [thread 9296] [6.0] [cxt 0] Deparser 'deparser': end
[21:03:46.064] [bmv2] [D] [thread 9300] [6.0] [cxt 0] Transmitting packet of size 90 out of port 0
[21:03:47.466] [bmv2] [W] [thread 9359] [P4Runtime] p4::tmp::P4DeviceConfig is deprecated
[21:03:47.466] [bmv2] [D] [thread 9359] Set default default entry for table 'MyIngress.ipv4_lpm': MyIngress.drop - 
[21:03:47.467] [bmv2] [D] [thread 9359] simple_switch target has been notified of a config swap
[21:03:47.468] [bmv2] [D] [thread 9359] Set default entry for table 'MyIngress.ipv4_lpm': MyIngress.drop - 
[21:03:47.469] [bmv2] [D] [thread 9360] Entry 0 added to table 'MyIngress.ipv4_lpm'
[21:03:47.469] [bmv2] [D] [thread 9360] Dumping entry 0
Match key:
* hdr.ipv4.dstAddr    : LPM       0a000101/32
Action entry: MyIngress.ipv4_forward - 80000000100,1,

[21:03:47.469] [bmv2] [D] [thread 9359] Entry 1 added to table 'MyIngress.ipv4_lpm'
[21:03:47.469] [bmv2] [D] [thread 9359] Dumping entry 1
Match key:
* hdr.ipv4.dstAddr    : LPM       0a000202/32
Action entry: MyIngress.ipv4_forward - 80000000100,1,

[21:03:47.470] [bmv2] [D] [thread 9360] Entry 2 added to table 'MyIngress.ipv4_lpm'
[21:03:47.470] [bmv2] [D] [thread 9360] Dumping entry 2
Match key:
* hdr.ipv4.dstAddr    : LPM       0a000303/32
Action entry: MyIngress.ipv4_forward - 80000000200,2,

[21:03:47.471] [bmv2] [D] [thread 9359] Entry 3 added to table 'MyIngress.ipv4_lpm'
[21:03:47.471] [bmv2] [D] [thread 9359] Dumping entry 3
Match key:
* hdr.ipv4.dstAddr    : LPM       0a000404/32
Action entry: MyIngress.ipv4_forward - 80000000200,2,

[21:03:49.087] [bmv2] [D] [thread 9295] [7.0] [cxt 0] Processing packet received on port 1
[21:03:49.087] [bmv2] [D] [thread 9295] [7.0] [cxt 0] Parser 'parser': start
[21:03:49.087] [bmv2] [D] [thread 9295] [7.0] [cxt 0] Parser 'parser' entering state 'start'
[21:03:49.088] [bmv2] [D] [thread 9295] [7.0] [cxt 0] Extracting header 'ethernet'
[21:03:49.088] [bmv2] [D] [thread 9295] [7.0] [cxt 0] Parser state 'start': key is 86dd
[21:03:49.088] [bmv2] [T] [thread 9295] [7.0] [cxt 0] Bytes parsed: 14
[21:03:49.088] [bmv2] [D] [thread 9295] [7.0] [cxt 0] Parser 'parser': end
[21:03:49.088] [bmv2] [D] [thread 9295] [7.0] [cxt 0] Pipeline 'ingress': start
[21:03:49.088] [bmv2] [T] [thread 9295] [7.0] [cxt 0] basic.p4(114) Condition "hdr.ipv4.isValid()" (node_2) is false
[21:03:49.088] [bmv2] [D] [thread 9295] [7.0] [cxt 0] Pipeline 'ingress': end
[21:03:49.088] [bmv2] [D] [thread 9295] [7.0] [cxt 0] Egress port is 0
[21:03:49.088] [bmv2] [D] [thread 9296] [7.0] [cxt 0] Pipeline 'egress': start
[21:03:49.088] [bmv2] [D] [thread 9296] [7.0] [cxt 0] Pipeline 'egress': end
[21:03:49.088] [bmv2] [D] [thread 9296] [7.0] [cxt 0] Deparser 'deparser': start
[21:03:49.088] [bmv2] [T] [thread 9296] [7.0] [cxt 0] Skipping checksum 'cksum' update because condition not met
[21:03:49.088] [bmv2] [D] [thread 9296] [7.0] [cxt 0] Deparsing header 'ethernet'
[21:03:49.088] [bmv2] [D] [thread 9296] [7.0] [cxt 0] Deparser 'deparser': end
[21:03:49.088] [bmv2] [D] [thread 9300] [7.0] [cxt 0] Transmitting packet of size 70 out of port 0
[21:03:49.576] [bmv2] [D] [thread 9295] [8.0] [cxt 0] Processing packet received on port 1
[21:03:49.576] [bmv2] [D] [thread 9295] [8.0] [cxt 0] Parser 'parser': start
[21:03:49.576] [bmv2] [D] [thread 9295] [8.0] [cxt 0] Parser 'parser' entering state 'start'
[21:03:49.576] [bmv2] [D] [thread 9295] [8.0] [cxt 0] Extracting header 'ethernet'
[21:03:49.576] [bmv2] [D] [thread 9295] [8.0] [cxt 0] Parser state 'start': key is 86dd
[21:03:49.576] [bmv2] [T] [thread 9295] [8.0] [cxt 0] Bytes parsed: 14
[21:03:49.576] [bmv2] [D] [thread 9295] [8.0] [cxt 0] Parser 'parser': end
[21:03:49.576] [bmv2] [D] [thread 9295] [8.0] [cxt 0] Pipeline 'ingress': start
[21:03:49.576] [bmv2] [T] [thread 9295] [8.0] [cxt 0] basic.p4(114) Condition "hdr.ipv4.isValid()" (node_2) is false
[21:03:49.576] [bmv2] [D] [thread 9295] [8.0] [cxt 0] Pipeline 'ingress': end
[21:03:49.576] [bmv2] [D] [thread 9295] [8.0] [cxt 0] Egress port is 0
[21:03:49.576] [bmv2] [D] [thread 9296] [8.0] [cxt 0] Pipeline 'egress': start
[21:03:49.576] [bmv2] [D] [thread 9296] [8.0] [cxt 0] Pipeline 'egress': end
[21:03:49.576] [bmv2] [D] [thread 9296] [8.0] [cxt 0] Deparser 'deparser': start
[21:03:49.576] [bmv2] [T] [thread 9296] [8.0] [cxt 0] Skipping checksum 'cksum' update because condition not met
[21:03:49.576] [bmv2] [D] [thread 9296] [8.0] [cxt 0] Deparsing header 'ethernet'
[21:03:49.576] [bmv2] [D] [thread 9296] [8.0] [cxt 0] Deparser 'deparser': end
[21:03:49.576] [bmv2] [D] [thread 9300] [8.0] [cxt 0] Transmitting packet of size 70 out of port 0
[21:03:49.580] [bmv2] [D] [thread 9295] [9.0] [cxt 0] Processing packet received on port 2
[21:03:49.580] [bmv2] [D] [thread 9295] [9.0] [cxt 0] Parser 'parser': start
[21:03:49.580] [bmv2] [D] [thread 9295] [9.0] [cxt 0] Parser 'parser' entering state 'start'
[21:03:49.580] [bmv2] [D] [thread 9295] [9.0] [cxt 0] Extracting header 'ethernet'
[21:03:49.580] [bmv2] [D] [thread 9295] [9.0] [cxt 0] Parser state 'start': key is 86dd
[21:03:49.580] [bmv2] [T] [thread 9295] [9.0] [cxt 0] Bytes parsed: 14
[21:03:49.580] [bmv2] [D] [thread 9295] [9.0] [cxt 0] Parser 'parser': end
[21:03:49.580] [bmv2] [D] [thread 9295] [9.0] [cxt 0] Pipeline 'ingress': start
[21:03:49.580] [bmv2] [T] [thread 9295] [9.0] [cxt 0] basic.p4(114) Condition "hdr.ipv4.isValid()" (node_2) is false
[21:03:49.580] [bmv2] [D] [thread 9295] [9.0] [cxt 0] Pipeline 'ingress': end
[21:03:49.580] [bmv2] [D] [thread 9295] [9.0] [cxt 0] Egress port is 0
[21:03:49.580] [bmv2] [D] [thread 9296] [9.0] [cxt 0] Pipeline 'egress': start
[21:03:49.580] [bmv2] [D] [thread 9296] [9.0] [cxt 0] Pipeline 'egress': end
[21:03:49.580] [bmv2] [D] [thread 9296] [9.0] [cxt 0] Deparser 'deparser': start
[21:03:49.580] [bmv2] [T] [thread 9296] [9.0] [cxt 0] Skipping checksum 'cksum' update because condition not met
[21:03:49.580] [bmv2] [D] [thread 9296] [9.0] [cxt 0] Deparsing header 'ethernet'
[21:03:49.580] [bmv2] [D] [thread 9296] [9.0] [cxt 0] Deparser 'deparser': end
[21:03:49.580] [bmv2] [D] [thread 9300] [9.0] [cxt 0] Transmitting packet of size 70 out of port 0
[21:03:49.832] [bmv2] [D] [thread 9295] [10.0] [cxt 0] Processing packet received on port 2
[21:03:49.832] [bmv2] [D] [thread 9295] [10.0] [cxt 0] Parser 'parser': start
[21:03:49.832] [bmv2] [D] [thread 9295] [10.0] [cxt 0] Parser 'parser' entering state 'start'
[21:03:49.832] [bmv2] [D] [thread 9295] [10.0] [cxt 0] Extracting header 'ethernet'
[21:03:49.832] [bmv2] [D] [thread 9295] [10.0] [cxt 0] Parser state 'start': key is 86dd
[21:03:49.832] [bmv2] [T] [thread 9295] [10.0] [cxt 0] Bytes parsed: 14
[21:03:49.832] [bmv2] [D] [thread 9295] [10.0] [cxt 0] Parser 'parser': end
[21:03:49.832] [bmv2] [D] [thread 9295] [10.0] [cxt 0] Pipeline 'ingress': start
[21:03:49.832] [bmv2] [T] [thread 9295] [10.0] [cxt 0] basic.p4(114) Condition "hdr.ipv4.isValid()" (node_2) is false
[21:03:49.832] [bmv2] [D] [thread 9295] [10.0] [cxt 0] Pipeline 'ingress': end
[21:03:49.832] [bmv2] [D] [thread 9295] [10.0] [cxt 0] Egress port is 0
[21:03:49.832] [bmv2] [D] [thread 9296] [10.0] [cxt 0] Pipeline 'egress': start
[21:03:49.832] [bmv2] [D] [thread 9296] [10.0] [cxt 0] Pipeline 'egress': end
[21:03:49.832] [bmv2] [D] [thread 9296] [10.0] [cxt 0] Deparser 'deparser': start
[21:03:49.832] [bmv2] [T] [thread 9296] [10.0] [cxt 0] Skipping checksum 'cksum' update because condition not met
[21:03:49.832] [bmv2] [D] [thread 9296] [10.0] [cxt 0] Deparsing header 'ethernet'
[21:03:49.832] [bmv2] [D] [thread 9296] [10.0] [cxt 0] Deparser 'deparser': end
[21:03:49.833] [bmv2] [D] [thread 9300] [10.0] [cxt 0] Transmitting packet of size 70 out of port 0
[21:03:57.255] [bmv2] [D] [thread 9295] [11.0] [cxt 0] Processing packet received on port 1
[21:03:57.255] [bmv2] [D] [thread 9295] [11.0] [cxt 0] Parser 'parser': start
[21:03:57.256] [bmv2] [D] [thread 9295] [11.0] [cxt 0] Parser 'parser' entering state 'start'
[21:03:57.256] [bmv2] [D] [thread 9295] [11.0] [cxt 0] Extracting header 'ethernet'
[21:03:57.256] [bmv2] [D] [thread 9295] [11.0] [cxt 0] Parser state 'start': key is 86dd
[21:03:57.256] [bmv2] [T] [thread 9295] [11.0] [cxt 0] Bytes parsed: 14
[21:03:57.256] [bmv2] [D] [thread 9295] [11.0] [cxt 0] Parser 'parser': end
[21:03:57.256] [bmv2] [D] [thread 9295] [11.0] [cxt 0] Pipeline 'ingress': start
[21:03:57.256] [bmv2] [T] [thread 9295] [11.0] [cxt 0] basic.p4(114) Condition "hdr.ipv4.isValid()" (node_2) is false
[21:03:57.256] [bmv2] [D] [thread 9295] [11.0] [cxt 0] Pipeline 'ingress': end
[21:03:57.256] [bmv2] [D] [thread 9295] [11.0] [cxt 0] Egress port is 0
[21:03:57.256] [bmv2] [D] [thread 9296] [11.0] [cxt 0] Pipeline 'egress': start
[21:03:57.256] [bmv2] [D] [thread 9296] [11.0] [cxt 0] Pipeline 'egress': end
[21:03:57.256] [bmv2] [D] [thread 9296] [11.0] [cxt 0] Deparser 'deparser': start
[21:03:57.256] [bmv2] [T] [thread 9296] [11.0] [cxt 0] Skipping checksum 'cksum' update because condition not met
[21:03:57.256] [bmv2] [D] [thread 9296] [11.0] [cxt 0] Deparsing header 'ethernet'
[21:03:57.256] [bmv2] [D] [thread 9296] [11.0] [cxt 0] Deparser 'deparser': end
[21:03:57.256] [bmv2] [D] [thread 9300] [11.0] [cxt 0] Transmitting packet of size 70 out of port 0
[21:03:57.518] [bmv2] [D] [thread 9295] [12.0] [cxt 0] Processing packet received on port 1
[21:03:57.518] [bmv2] [D] [thread 9295] [12.0] [cxt 0] Parser 'parser': start
[21:03:57.518] [bmv2] [D] [thread 9295] [12.0] [cxt 0] Parser 'parser' entering state 'start'
[21:03:57.518] [bmv2] [D] [thread 9295] [12.0] [cxt 0] Extracting header 'ethernet'
[21:03:57.518] [bmv2] [D] [thread 9295] [12.0] [cxt 0] Parser state 'start': key is 86dd
[21:03:57.518] [bmv2] [T] [thread 9295] [12.0] [cxt 0] Bytes parsed: 14
[21:03:57.518] [bmv2] [D] [thread 9295] [12.0] [cxt 0] Parser 'parser': end
[21:03:57.518] [bmv2] [D] [thread 9295] [12.0] [cxt 0] Pipeline 'ingress': start
[21:03:57.518] [bmv2] [T] [thread 9295] [12.0] [cxt 0] basic.p4(114) Condition "hdr.ipv4.isValid()" (node_2) is false
[21:03:57.518] [bmv2] [D] [thread 9295] [12.0] [cxt 0] Pipeline 'ingress': end
[21:03:57.518] [bmv2] [D] [thread 9295] [12.0] [cxt 0] Egress port is 0
[21:03:57.518] [bmv2] [D] [thread 9296] [12.0] [cxt 0] Pipeline 'egress': start
[21:03:57.518] [bmv2] [D] [thread 9296] [12.0] [cxt 0] Pipeline 'egress': end
[21:03:57.518] [bmv2] [D] [thread 9296] [12.0] [cxt 0] Deparser 'deparser': start
[21:03:57.518] [bmv2] [T] [thread 9296] [12.0] [cxt 0] Skipping checksum 'cksum' update because condition not met
[21:03:57.518] [bmv2] [D] [thread 9296] [12.0] [cxt 0] Deparsing header 'ethernet'
[21:03:57.518] [bmv2] [D] [thread 9296] [12.0] [cxt 0] Deparser 'deparser': end
[21:03:57.518] [bmv2] [D] [thread 9300] [12.0] [cxt 0] Transmitting packet of size 70 out of port 0
[21:03:58.027] [bmv2] [D] [thread 9295] [13.0] [cxt 0] Processing packet received on port 2
[21:03:58.027] [bmv2] [D] [thread 9295] [13.0] [cxt 0] Parser 'parser': start
[21:03:58.027] [bmv2] [D] [thread 9295] [13.0] [cxt 0] Parser 'parser' entering state 'start'
[21:03:58.027] [bmv2] [D] [thread 9295] [13.0] [cxt 0] Extracting header 'ethernet'
[21:03:58.027] [bmv2] [D] [thread 9295] [13.0] [cxt 0] Parser state 'start': key is 86dd
[21:03:58.027] [bmv2] [T] [thread 9295] [13.0] [cxt 0] Bytes parsed: 14
[21:03:58.027] [bmv2] [D] [thread 9295] [13.0] [cxt 0] Parser 'parser': end
[21:03:58.027] [bmv2] [D] [thread 9295] [13.0] [cxt 0] Pipeline 'ingress': start
[21:03:58.027] [bmv2] [T] [thread 9295] [13.0] [cxt 0] basic.p4(114) Condition "hdr.ipv4.isValid()" (node_2) is false
[21:03:58.027] [bmv2] [D] [thread 9295] [13.0] [cxt 0] Pipeline 'ingress': end
[21:03:58.027] [bmv2] [D] [thread 9295] [13.0] [cxt 0] Egress port is 0
[21:03:58.027] [bmv2] [D] [thread 9296] [13.0] [cxt 0] Pipeline 'egress': start
[21:03:58.027] [bmv2] [D] [thread 9296] [13.0] [cxt 0] Pipeline 'egress': end
[21:03:58.027] [bmv2] [D] [thread 9296] [13.0] [cxt 0] Deparser 'deparser': start
[21:03:58.027] [bmv2] [T] [thread 9296] [13.0] [cxt 0] Skipping checksum 'cksum' update because condition not met
[21:03:58.027] [bmv2] [D] [thread 9296] [13.0] [cxt 0] Deparsing header 'ethernet'
[21:03:58.028] [bmv2] [D] [thread 9296] [13.0] [cxt 0] Deparser 'deparser': end
[21:03:58.028] [bmv2] [D] [thread 9300] [13.0] [cxt 0] Transmitting packet of size 70 out of port 0
[21:03:58.295] [bmv2] [D] [thread 9295] [14.0] [cxt 0] Processing packet received on port 2
[21:03:58.295] [bmv2] [D] [thread 9295] [14.0] [cxt 0] Parser 'parser': start
[21:03:58.295] [bmv2] [D] [thread 9295] [14.0] [cxt 0] Parser 'parser' entering state 'start'
[21:03:58.295] [bmv2] [D] [thread 9295] [14.0] [cxt 0] Extracting header 'ethernet'
[21:03:58.295] [bmv2] [D] [thread 9295] [14.0] [cxt 0] Parser state 'start': key is 86dd
[21:03:58.295] [bmv2] [T] [thread 9295] [14.0] [cxt 0] Bytes parsed: 14
[21:03:58.295] [bmv2] [D] [thread 9295] [14.0] [cxt 0] Parser 'parser': end
[21:03:58.295] [bmv2] [D] [thread 9295] [14.0] [cxt 0] Pipeline 'ingress': start
[21:03:58.295] [bmv2] [T] [thread 9295] [14.0] [cxt 0] basic.p4(114) Condition "hdr.ipv4.isValid()" (node_2) is false
[21:03:58.295] [bmv2] [D] [thread 9295] [14.0] [cxt 0] Pipeline 'ingress': end
[21:03:58.295] [bmv2] [D] [thread 9295] [14.0] [cxt 0] Egress port is 0
[21:03:58.295] [bmv2] [D] [thread 9296] [14.0] [cxt 0] Pipeline 'egress': start
[21:03:58.295] [bmv2] [D] [thread 9296] [14.0] [cxt 0] Pipeline 'egress': end
[21:03:58.295] [bmv2] [D] [thread 9296] [14.0] [cxt 0] Deparser 'deparser': start
[21:03:58.295] [bmv2] [T] [thread 9296] [14.0] [cxt 0] Skipping checksum 'cksum' update because condition not met
[21:03:58.295] [bmv2] [D] [thread 9296] [14.0] [cxt 0] Deparsing header 'ethernet'
[21:03:58.295] [bmv2] [D] [thread 9296] [14.0] [cxt 0] Deparser 'deparser': end
[21:03:58.295] [bmv2] [D] [thread 9300] [14.0] [cxt 0] Transmitting packet of size 70 out of port 0
[21:04:13.132] [bmv2] [D] [thread 9295] [15.0] [cxt 0] Processing packet received on port 1
[21:04:13.132] [bmv2] [D] [thread 9295] [15.0] [cxt 0] Parser 'parser': start
[21:04:13.132] [bmv2] [D] [thread 9295] [15.0] [cxt 0] Parser 'parser' entering state 'start'
[21:04:13.132] [bmv2] [D] [thread 9295] [15.0] [cxt 0] Extracting header 'ethernet'
[21:04:13.132] [bmv2] [D] [thread 9295] [15.0] [cxt 0] Parser state 'start': key is 86dd
[21:04:13.132] [bmv2] [T] [thread 9295] [15.0] [cxt 0] Bytes parsed: 14
[21:04:13.132] [bmv2] [D] [thread 9295] [15.0] [cxt 0] Parser 'parser': end
[21:04:13.132] [bmv2] [D] [thread 9295] [15.0] [cxt 0] Pipeline 'ingress': start
[21:04:13.132] [bmv2] [T] [thread 9295] [15.0] [cxt 0] basic.p4(114) Condition "hdr.ipv4.isValid()" (node_2) is false
[21:04:13.132] [bmv2] [D] [thread 9295] [15.0] [cxt 0] Pipeline 'ingress': end
[21:04:13.132] [bmv2] [D] [thread 9295] [15.0] [cxt 0] Egress port is 0
[21:04:13.132] [bmv2] [D] [thread 9296] [15.0] [cxt 0] Pipeline 'egress': start
[21:04:13.132] [bmv2] [D] [thread 9296] [15.0] [cxt 0] Pipeline 'egress': end
[21:04:13.132] [bmv2] [D] [thread 9296] [15.0] [cxt 0] Deparser 'deparser': start
[21:04:13.132] [bmv2] [T] [thread 9296] [15.0] [cxt 0] Skipping checksum 'cksum' update because condition not met
[21:04:13.132] [bmv2] [D] [thread 9296] [15.0] [cxt 0] Deparsing header 'ethernet'
[21:04:13.132] [bmv2] [D] [thread 9296] [15.0] [cxt 0] Deparser 'deparser': end
[21:04:13.132] [bmv2] [D] [thread 9300] [15.0] [cxt 0] Transmitting packet of size 70 out of port 0
[21:04:14.164] [bmv2] [D] [thread 9295] [16.0] [cxt 0] Processing packet received on port 2
[21:04:14.164] [bmv2] [D] [thread 9295] [16.0] [cxt 0] Parser 'parser': start
[21:04:14.164] [bmv2] [D] [thread 9295] [16.0] [cxt 0] Parser 'parser' entering state 'start'
[21:04:14.164] [bmv2] [D] [thread 9295] [16.0] [cxt 0] Extracting header 'ethernet'
[21:04:14.164] [bmv2] [D] [thread 9295] [16.0] [cxt 0] Parser state 'start': key is 86dd
[21:04:14.164] [bmv2] [T] [thread 9295] [16.0] [cxt 0] Bytes parsed: 14
[21:04:14.164] [bmv2] [D] [thread 9295] [16.0] [cxt 0] Parser 'parser': end
[21:04:14.164] [bmv2] [D] [thread 9295] [16.0] [cxt 0] Pipeline 'ingress': start
[21:04:14.164] [bmv2] [T] [thread 9295] [16.0] [cxt 0] basic.p4(114) Condition "hdr.ipv4.isValid()" (node_2) is false
[21:04:14.164] [bmv2] [D] [thread 9295] [16.0] [cxt 0] Pipeline 'ingress': end
[21:04:14.164] [bmv2] [D] [thread 9295] [16.0] [cxt 0] Egress port is 0
[21:04:14.164] [bmv2] [D] [thread 9296] [16.0] [cxt 0] Pipeline 'egress': start
[21:04:14.164] [bmv2] [D] [thread 9296] [16.0] [cxt 0] Pipeline 'egress': end
[21:04:14.164] [bmv2] [D] [thread 9296] [16.0] [cxt 0] Deparser 'deparser': start
[21:04:14.164] [bmv2] [T] [thread 9296] [16.0] [cxt 0] Skipping checksum 'cksum' update because condition not met
[21:04:14.164] [bmv2] [D] [thread 9296] [16.0] [cxt 0] Deparsing header 'ethernet'
[21:04:14.164] [bmv2] [D] [thread 9296] [16.0] [cxt 0] Deparser 'deparser': end
[21:04:14.164] [bmv2] [D] [thread 9300] [16.0] [cxt 0] Transmitting packet of size 70 out of port 0
[21:04:14.924] [bmv2] [D] [thread 9295] [17.0] [cxt 0] Processing packet received on port 1
[21:04:14.924] [bmv2] [D] [thread 9295] [17.0] [cxt 0] Parser 'parser': start
[21:04:14.924] [bmv2] [D] [thread 9295] [17.0] [cxt 0] Parser 'parser' entering state 'start'
[21:04:14.924] [bmv2] [D] [thread 9295] [17.0] [cxt 0] Extracting header 'ethernet'
[21:04:14.924] [bmv2] [D] [thread 9295] [17.0] [cxt 0] Parser state 'start': key is 86dd
[21:04:14.924] [bmv2] [T] [thread 9295] [17.0] [cxt 0] Bytes parsed: 14
[21:04:14.924] [bmv2] [D] [thread 9295] [17.0] [cxt 0] Parser 'parser': end
[21:04:14.924] [bmv2] [D] [thread 9295] [17.0] [cxt 0] Pipeline 'ingress': start
[21:04:14.924] [bmv2] [T] [thread 9295] [17.0] [cxt 0] basic.p4(114) Condition "hdr.ipv4.isValid()" (node_2) is false
[21:04:14.924] [bmv2] [D] [thread 9295] [17.0] [cxt 0] Pipeline 'ingress': end
[21:04:14.924] [bmv2] [D] [thread 9295] [17.0] [cxt 0] Egress port is 0
[21:04:14.924] [bmv2] [D] [thread 9296] [17.0] [cxt 0] Pipeline 'egress': start
[21:04:14.924] [bmv2] [D] [thread 9296] [17.0] [cxt 0] Pipeline 'egress': end
[21:04:14.924] [bmv2] [D] [thread 9296] [17.0] [cxt 0] Deparser 'deparser': start
[21:04:14.924] [bmv2] [T] [thread 9296] [17.0] [cxt 0] Skipping checksum 'cksum' update because condition not met
[21:04:14.924] [bmv2] [D] [thread 9296] [17.0] [cxt 0] Deparsing header 'ethernet'
[21:04:14.924] [bmv2] [D] [thread 9296] [17.0] [cxt 0] Deparser 'deparser': end
[21:04:14.924] [bmv2] [D] [thread 9300] [17.0] [cxt 0] Transmitting packet of size 70 out of port 0
[21:04:16.985] [bmv2] [D] [thread 9295] [18.0] [cxt 0] Processing packet received on port 2
[21:04:16.986] [bmv2] [D] [thread 9295] [18.0] [cxt 0] Parser 'parser': start
[21:04:16.986] [bmv2] [D] [thread 9295] [18.0] [cxt 0] Parser 'parser' entering state 'start'
[21:04:16.986] [bmv2] [D] [thread 9295] [18.0] [cxt 0] Extracting header 'ethernet'
[21:04:16.986] [bmv2] [D] [thread 9295] [18.0] [cxt 0] Parser state 'start': key is 86dd
[21:04:16.986] [bmv2] [T] [thread 9295] [18.0] [cxt 0] Bytes parsed: 14
[21:04:16.986] [bmv2] [D] [thread 9295] [18.0] [cxt 0] Parser 'parser': end
[21:04:16.986] [bmv2] [D] [thread 9295] [18.0] [cxt 0] Pipeline 'ingress': start
[21:04:16.986] [bmv2] [T] [thread 9295] [18.0] [cxt 0] basic.p4(114) Condition "hdr.ipv4.isValid()" (node_2) is false
[21:04:16.986] [bmv2] [D] [thread 9295] [18.0] [cxt 0] Pipeline 'ingress': end
[21:04:16.986] [bmv2] [D] [thread 9295] [18.0] [cxt 0] Egress port is 0
[21:04:16.986] [bmv2] [D] [thread 9296] [18.0] [cxt 0] Pipeline 'egress': start
[21:04:16.986] [bmv2] [D] [thread 9296] [18.0] [cxt 0] Pipeline 'egress': end
[21:04:16.986] [bmv2] [D] [thread 9296] [18.0] [cxt 0] Deparser 'deparser': start
[21:04:16.986] [bmv2] [T] [thread 9296] [18.0] [cxt 0] Skipping checksum 'cksum' update because condition not met
[21:04:16.986] [bmv2] [D] [thread 9296] [18.0] [cxt 0] Deparsing header 'ethernet'
[21:04:16.986] [bmv2] [D] [thread 9296] [18.0] [cxt 0] Deparser 'deparser': end
[21:04:16.986] [bmv2] [D] [thread 9300] [18.0] [cxt 0] Transmitting packet of size 70 out of port 0
[21:04:45.640] [bmv2] [D] [thread 9295] [19.0] [cxt 0] Processing packet received on port 1
[21:04:45.640] [bmv2] [D] [thread 9295] [19.0] [cxt 0] Parser 'parser': start
[21:04:45.640] [bmv2] [D] [thread 9295] [19.0] [cxt 0] Parser 'parser' entering state 'start'
[21:04:45.640] [bmv2] [D] [thread 9295] [19.0] [cxt 0] Extracting header 'ethernet'
[21:04:45.640] [bmv2] [D] [thread 9295] [19.0] [cxt 0] Parser state 'start': key is 86dd
[21:04:45.640] [bmv2] [T] [thread 9295] [19.0] [cxt 0] Bytes parsed: 14
[21:04:45.640] [bmv2] [D] [thread 9295] [19.0] [cxt 0] Parser 'parser': end
[21:04:45.640] [bmv2] [D] [thread 9295] [19.0] [cxt 0] Pipeline 'ingress': start
[21:04:45.640] [bmv2] [T] [thread 9295] [19.0] [cxt 0] basic.p4(114) Condition "hdr.ipv4.isValid()" (node_2) is false
[21:04:45.640] [bmv2] [D] [thread 9295] [19.0] [cxt 0] Pipeline 'ingress': end
[21:04:45.640] [bmv2] [D] [thread 9295] [19.0] [cxt 0] Egress port is 0
[21:04:45.640] [bmv2] [D] [thread 9295] [20.0] [cxt 0] Processing packet received on port 2
[21:04:45.640] [bmv2] [D] [thread 9295] [20.0] [cxt 0] Parser 'parser': start
[21:04:45.640] [bmv2] [D] [thread 9295] [20.0] [cxt 0] Parser 'parser' entering state 'start'
[21:04:45.640] [bmv2] [D] [thread 9295] [20.0] [cxt 0] Extracting header 'ethernet'
[21:04:45.640] [bmv2] [D] [thread 9295] [20.0] [cxt 0] Parser state 'start': key is 86dd
[21:04:45.640] [bmv2] [T] [thread 9295] [20.0] [cxt 0] Bytes parsed: 14
[21:04:45.640] [bmv2] [D] [thread 9295] [20.0] [cxt 0] Parser 'parser': end
[21:04:45.640] [bmv2] [D] [thread 9295] [20.0] [cxt 0] Pipeline 'ingress': start
[21:04:45.640] [bmv2] [T] [thread 9295] [20.0] [cxt 0] basic.p4(114) Condition "hdr.ipv4.isValid()" (node_2) is false
[21:04:45.640] [bmv2] [D] [thread 9295] [20.0] [cxt 0] Pipeline 'ingress': end
[21:04:45.640] [bmv2] [D] [thread 9295] [20.0] [cxt 0] Egress port is 0
[21:04:45.640] [bmv2] [D] [thread 9296] [19.0] [cxt 0] Pipeline 'egress': start
[21:04:45.640] [bmv2] [D] [thread 9296] [19.0] [cxt 0] Pipeline 'egress': end
[21:04:45.640] [bmv2] [D] [thread 9296] [19.0] [cxt 0] Deparser 'deparser': start
[21:04:45.640] [bmv2] [T] [thread 9296] [19.0] [cxt 0] Skipping checksum 'cksum' update because condition not met
[21:04:45.640] [bmv2] [D] [thread 9296] [19.0] [cxt 0] Deparsing header 'ethernet'
[21:04:45.640] [bmv2] [D] [thread 9296] [19.0] [cxt 0] Deparser 'deparser': end
[21:04:45.640] [bmv2] [D] [thread 9296] [20.0] [cxt 0] Pipeline 'egress': start
[21:04:45.640] [bmv2] [D] [thread 9296] [20.0] [cxt 0] Pipeline 'egress': end
[21:04:45.640] [bmv2] [D] [thread 9296] [20.0] [cxt 0] Deparser 'deparser': start
[21:04:45.640] [bmv2] [T] [thread 9296] [20.0] [cxt 0] Skipping checksum 'cksum' update because condition not met
[21:04:45.640] [bmv2] [D] [thread 9296] [20.0] [cxt 0] Deparsing header 'ethernet'
[21:04:45.640] [bmv2] [D] [thread 9296] [20.0] [cxt 0] Deparser 'deparser': end
[21:04:45.640] [bmv2] [D] [thread 9300] [19.0] [cxt 0] Transmitting packet of size 70 out of port 0
[21:04:45.640] [bmv2] [D] [thread 9300] [20.0] [cxt 0] Transmitting packet of size 70 out of port 0
[21:04:51.784] [bmv2] [D] [thread 9295] [21.0] [cxt 0] Processing packet received on port 1
[21:04:51.784] [bmv2] [D] [thread 9295] [21.0] [cxt 0] Parser 'parser': start
[21:04:51.784] [bmv2] [D] [thread 9295] [21.0] [cxt 0] Parser 'parser' entering state 'start'
[21:04:51.784] [bmv2] [D] [thread 9295] [21.0] [cxt 0] Extracting header 'ethernet'
[21:04:51.784] [bmv2] [D] [thread 9295] [21.0] [cxt 0] Parser state 'start': key is 86dd
[21:04:51.784] [bmv2] [T] [thread 9295] [21.0] [cxt 0] Bytes parsed: 14
[21:04:51.784] [bmv2] [D] [thread 9295] [21.0] [cxt 0] Parser 'parser': end
[21:04:51.784] [bmv2] [D] [thread 9295] [21.0] [cxt 0] Pipeline 'ingress': start
[21:04:51.784] [bmv2] [T] [thread 9295] [21.0] [cxt 0] basic.p4(114) Condition "hdr.ipv4.isValid()" (node_2) is false
[21:04:51.784] [bmv2] [D] [thread 9295] [21.0] [cxt 0] Pipeline 'ingress': end
[21:04:51.784] [bmv2] [D] [thread 9295] [21.0] [cxt 0] Egress port is 0
[21:04:51.784] [bmv2] [D] [thread 9295] [22.0] [cxt 0] Processing packet received on port 2
[21:04:51.784] [bmv2] [D] [thread 9295] [22.0] [cxt 0] Parser 'parser': start
[21:04:51.785] [bmv2] [D] [thread 9295] [22.0] [cxt 0] Parser 'parser' entering state 'start'
[21:04:51.785] [bmv2] [D] [thread 9295] [22.0] [cxt 0] Extracting header 'ethernet'
[21:04:51.785] [bmv2] [D] [thread 9295] [22.0] [cxt 0] Parser state 'start': key is 86dd
[21:04:51.785] [bmv2] [T] [thread 9295] [22.0] [cxt 0] Bytes parsed: 14
[21:04:51.785] [bmv2] [D] [thread 9295] [22.0] [cxt 0] Parser 'parser': end
[21:04:51.785] [bmv2] [D] [thread 9295] [22.0] [cxt 0] Pipeline 'ingress': start
[21:04:51.785] [bmv2] [T] [thread 9295] [22.0] [cxt 0] basic.p4(114) Condition "hdr.ipv4.isValid()" (node_2) is false
[21:04:51.785] [bmv2] [D] [thread 9295] [22.0] [cxt 0] Pipeline 'ingress': end
[21:04:51.785] [bmv2] [D] [thread 9295] [22.0] [cxt 0] Egress port is 0
[21:04:51.785] [bmv2] [D] [thread 9296] [21.0] [cxt 0] Pipeline 'egress': start
[21:04:51.785] [bmv2] [D] [thread 9296] [21.0] [cxt 0] Pipeline 'egress': end
[21:04:51.785] [bmv2] [D] [thread 9296] [21.0] [cxt 0] Deparser 'deparser': start
[21:04:51.785] [bmv2] [T] [thread 9296] [21.0] [cxt 0] Skipping checksum 'cksum' update because condition not met
[21:04:51.785] [bmv2] [D] [thread 9296] [21.0] [cxt 0] Deparsing header 'ethernet'
[21:04:51.785] [bmv2] [D] [thread 9296] [21.0] [cxt 0] Deparser 'deparser': end
[21:04:51.785] [bmv2] [D] [thread 9296] [22.0] [cxt 0] Pipeline 'egress': start
[21:04:51.785] [bmv2] [D] [thread 9296] [22.0] [cxt 0] Pipeline 'egress': end
[21:04:51.785] [bmv2] [D] [thread 9296] [22.0] [cxt 0] Deparser 'deparser': start
[21:04:51.785] [bmv2] [T] [thread 9296] [22.0] [cxt 0] Skipping checksum 'cksum' update because condition not met
[21:04:51.785] [bmv2] [D] [thread 9296] [22.0] [cxt 0] Deparsing header 'ethernet'
[21:04:51.785] [bmv2] [D] [thread 9296] [22.0] [cxt 0] Deparser 'deparser': end
[21:04:51.785] [bmv2] [D] [thread 9300] [21.0] [cxt 0] Transmitting packet of size 70 out of port 0
[21:04:51.785] [bmv2] [D] [thread 9300] [22.0] [cxt 0] Transmitting packet of size 70 out of port 0
open: No such file or directory
open: No such file or directory
open: No such file or directory
open: No such file or directory
